Startpoint: ex_mem_reg/_156_ (rising edge-triggered flip-flop clocked by clk)
Endpoint: id_ex_reg/_422_ (rising edge-triggered flip-flop clocked by clk)
Path Group: clk
Path Type: max

    Delay      Time   Description
-------------------------------------------------------------
   0.0000    0.0000   clock clk (rise edge)
   0.0000    0.0000   clock network delay (ideal)
   0.0000    0.0000 ^ ex_mem_reg/_156_/CLK (sky130_fd_sc_hd__dfrtp_1)
   1.1518    1.1518 v ex_mem_reg/_156_/Q (sky130_fd_sc_hd__dfrtp_1)
  28.3114   29.4632 ^ dmem/_13172_/Y (sky130_fd_sc_hd__nor3b_1)
   3.6476   33.1108 v dmem/_24734_/Y (sky130_fd_sc_hd__a222oi_1)
   0.9233   34.0342 ^ dmem/_24735_/Y (sky130_fd_sc_hd__a31oi_1)
   0.0728   34.1069 v dmem/_24736_/Y (sky130_fd_sc_hd__a21oi_1)
   0.3852   34.4921 v dmem/_24737_/X (sky130_fd_sc_hd__a31o_1)
   0.0929   34.5850 ^ dmem/_24778_/Y (sky130_fd_sc_hd__nand4_1)
   0.2281   34.8131 ^ dmem/_24861_/X (sky130_fd_sc_hd__mux4_2)
   0.1424   34.9555 ^ dmem/_24863_/X (sky130_fd_sc_hd__a221o_1)
   0.1281   35.0837 ^ _1151_/X (sky130_fd_sc_hd__a22o_1)
   0.0675   35.1512 v _1152_/Y (sky130_fd_sc_hd__a21oi_1)
   0.3753   35.5265 ^ _1154_/Y (sky130_fd_sc_hd__a21oi_1)
   0.1918   35.7182 ^ _1302_/X (sky130_fd_sc_hd__and2_0)
   0.0684   35.7867 v _1304_/Y (sky130_fd_sc_hd__nor2_1)
   0.1928   35.9794 ^ _1311_/Y (sky130_fd_sc_hd__a21oi_1)
   0.1591   36.1385 v _1321_/Y (sky130_fd_sc_hd__o21ai_0)
   0.4011   36.5396 v _1329_/X (sky130_fd_sc_hd__maj3_1)
   0.3904   36.9300 v _1337_/X (sky130_fd_sc_hd__maj3_1)
   0.3913   37.3213 v _1346_/X (sky130_fd_sc_hd__maj3_1)
   0.3904   37.7117 v _1354_/X (sky130_fd_sc_hd__maj3_1)
   0.3856   38.0973 v _1363_/X (sky130_fd_sc_hd__maj3_1)
   0.3889   38.4861 v _1370_/X (sky130_fd_sc_hd__maj3_1)
   0.3926   38.8788 v _1379_/X (sky130_fd_sc_hd__maj3_1)
   0.3904   39.2691 v _1387_/X (sky130_fd_sc_hd__maj3_1)
   0.3924   39.6615 v _1396_/X (sky130_fd_sc_hd__maj3_1)
   0.3904   40.0519 v _1404_/X (sky130_fd_sc_hd__maj3_1)
   0.3924   40.4444 v _1413_/X (sky130_fd_sc_hd__maj3_1)
   0.3904   40.8347 v _1421_/X (sky130_fd_sc_hd__maj3_1)
   0.3848   41.2195 v _1430_/X (sky130_fd_sc_hd__maj3_1)
   0.3888   41.6084 v _1437_/X (sky130_fd_sc_hd__maj3_1)
   0.3926   42.0010 v _1446_/X (sky130_fd_sc_hd__maj3_1)
   0.3904   42.3914 v _1454_/X (sky130_fd_sc_hd__maj3_1)
   0.3924   42.7837 v _1463_/X (sky130_fd_sc_hd__maj3_1)
   0.3905   43.1742 v _1471_/X (sky130_fd_sc_hd__maj3_1)
   0.3913   43.5655 v _1480_/X (sky130_fd_sc_hd__maj3_1)
   0.3892   43.9548 v _1488_/X (sky130_fd_sc_hd__maj3_1)
   0.3916   44.3464 v _1497_/X (sky130_fd_sc_hd__maj3_1)
   0.3919   44.7383 v _1505_/X (sky130_fd_sc_hd__maj3_1)
   0.3919   45.1303 v _1513_/X (sky130_fd_sc_hd__maj3_1)
   0.3919   45.5222 v _1521_/X (sky130_fd_sc_hd__maj3_1)
   0.3724   45.8946 v _1529_/X (sky130_fd_sc_hd__maj3_1)
   0.1263   46.0209 v _1531_/Y (sky130_fd_sc_hd__xnor2_1)
   1.3008   47.3217 ^ _1536_/Y (sky130_fd_sc_hd__o21ai_0)
   0.2602   47.5820 v bpu/_394_/Y (sky130_fd_sc_hd__a2bb2oi_1)
   0.1540   47.7360 ^ bpu/_397_/Y (sky130_fd_sc_hd__nor2_1)
   0.0640   47.8000 v bpu/_486_/Y (sky130_fd_sc_hd__nor4_1)
   1.8754   49.6754 ^ bpu/_487_/Y (sky130_fd_sc_hd__a31oi_1)
   0.1489   49.8244 v hazard_unit/_47_/Y (sky130_fd_sc_hd__a2111oi_0)
   0.2311   50.0555 v hazard_unit/_48_/X (sky130_fd_sc_hd__o21a_1)
   0.2160   50.2715 v hazard_unit/_49_/X (sky130_fd_sc_hd__lpflow_inputiso1p_1)
   0.0843   50.3557 ^ _1986_/Y (sky130_fd_sc_hd__nor2_1)
   0.1035   50.4592 v _1987_/Y (sky130_fd_sc_hd__nand2_1)
   6.8036   57.2628 ^ id_ex_reg/_212_/X (sky130_fd_sc_hd__lpflow_isobufsrc_1)
   0.7364   57.9992 ^ id_ex_reg/_214_/X (sky130_fd_sc_hd__a22o_1)
   0.0000   57.9992 ^ id_ex_reg/_422_/D (sky130_fd_sc_hd__dfrtp_1)
            57.9992   data arrival time

  10.0000   10.0000   clock clk (rise edge)
   0.0000   10.0000   clock network delay (ideal)
   0.0000   10.0000   clock reconvergence pessimism
            10.0000 ^ id_ex_reg/_422_/CLK (sky130_fd_sc_hd__dfrtp_1)
  -0.0922    9.9078   library setup time
             9.9078   data required time
-------------------------------------------------------------
             9.9078   data required time
           -57.9992   data arrival time
-------------------------------------------------------------
           -48.0914   slack (VIOLATED)


Startpoint: ex_mem_reg/_156_ (rising edge-triggered flip-flop clocked by clk)
Endpoint: id_ex_reg/_423_ (rising edge-triggered flip-flop clocked by clk)
Path Group: clk
Path Type: max

    Delay      Time   Description
-------------------------------------------------------------
   0.0000    0.0000   clock clk (rise edge)
   0.0000    0.0000   clock network delay (ideal)
   0.0000    0.0000 ^ ex_mem_reg/_156_/CLK (sky130_fd_sc_hd__dfrtp_1)
   1.1518    1.1518 v ex_mem_reg/_156_/Q (sky130_fd_sc_hd__dfrtp_1)
  28.3114   29.4632 ^ dmem/_13172_/Y (sky130_fd_sc_hd__nor3b_1)
   3.6476   33.1108 v dmem/_24734_/Y (sky130_fd_sc_hd__a222oi_1)
   0.9233   34.0342 ^ dmem/_24735_/Y (sky130_fd_sc_hd__a31oi_1)
   0.0728   34.1069 v dmem/_24736_/Y (sky130_fd_sc_hd__a21oi_1)
   0.3852   34.4921 v dmem/_24737_/X (sky130_fd_sc_hd__a31o_1)
   0.0929   34.5850 ^ dmem/_24778_/Y (sky130_fd_sc_hd__nand4_1)
   0.2281   34.8131 ^ dmem/_24861_/X (sky130_fd_sc_hd__mux4_2)
   0.1424   34.9555 ^ dmem/_24863_/X (sky130_fd_sc_hd__a221o_1)
   0.1281   35.0837 ^ _1151_/X (sky130_fd_sc_hd__a22o_1)
   0.0675   35.1512 v _1152_/Y (sky130_fd_sc_hd__a21oi_1)
   0.3753   35.5265 ^ _1154_/Y (sky130_fd_sc_hd__a21oi_1)
   0.1918   35.7182 ^ _1302_/X (sky130_fd_sc_hd__and2_0)
   0.0684   35.7867 v _1304_/Y (sky130_fd_sc_hd__nor2_1)
   0.1928   35.9794 ^ _1311_/Y (sky130_fd_sc_hd__a21oi_1)
   0.1591   36.1385 v _1321_/Y (sky130_fd_sc_hd__o21ai_0)
   0.4011   36.5396 v _1329_/X (sky130_fd_sc_hd__maj3_1)
   0.3904   36.9300 v _1337_/X (sky130_fd_sc_hd__maj3_1)
   0.3913   37.3213 v _1346_/X (sky130_fd_sc_hd__maj3_1)
   0.3904   37.7117 v _1354_/X (sky130_fd_sc_hd__maj3_1)
   0.3856   38.0973 v _1363_/X (sky130_fd_sc_hd__maj3_1)
   0.3889   38.4861 v _1370_/X (sky130_fd_sc_hd__maj3_1)
   0.3926   38.8788 v _1379_/X (sky130_fd_sc_hd__maj3_1)
   0.3904   39.2691 v _1387_/X (sky130_fd_sc_hd__maj3_1)
   0.3924   39.6615 v _1396_/X (sky130_fd_sc_hd__maj3_1)
   0.3904   40.0519 v _1404_/X (sky130_fd_sc_hd__maj3_1)
   0.3924   40.4444 v _1413_/X (sky130_fd_sc_hd__maj3_1)
   0.3904   40.8347 v _1421_/X (sky130_fd_sc_hd__maj3_1)
   0.3848   41.2195 v _1430_/X (sky130_fd_sc_hd__maj3_1)
   0.3888   41.6084 v _1437_/X (sky130_fd_sc_hd__maj3_1)
   0.3926   42.0010 v _1446_/X (sky130_fd_sc_hd__maj3_1)
   0.3904   42.3914 v _1454_/X (sky130_fd_sc_hd__maj3_1)
   0.3924   42.7837 v _1463_/X (sky130_fd_sc_hd__maj3_1)
   0.3905   43.1742 v _1471_/X (sky130_fd_sc_hd__maj3_1)
   0.3913   43.5655 v _1480_/X (sky130_fd_sc_hd__maj3_1)
   0.3892   43.9548 v _1488_/X (sky130_fd_sc_hd__maj3_1)
   0.3916   44.3464 v _1497_/X (sky130_fd_sc_hd__maj3_1)
   0.3919   44.7383 v _1505_/X (sky130_fd_sc_hd__maj3_1)
   0.3919   45.1303 v _1513_/X (sky130_fd_sc_hd__maj3_1)
   0.3919   45.5222 v _1521_/X (sky130_fd_sc_hd__maj3_1)
   0.3724   45.8946 v _1529_/X (sky130_fd_sc_hd__maj3_1)
   0.1263   46.0209 v _1531_/Y (sky130_fd_sc_hd__xnor2_1)
   1.3008   47.3217 ^ _1536_/Y (sky130_fd_sc_hd__o21ai_0)
   0.2602   47.5820 v bpu/_394_/Y (sky130_fd_sc_hd__a2bb2oi_1)
   0.1540   47.7360 ^ bpu/_397_/Y (sky130_fd_sc_hd__nor2_1)
   0.0640   47.8000 v bpu/_486_/Y (sky130_fd_sc_hd__nor4_1)
   1.8754   49.6754 ^ bpu/_487_/Y (sky130_fd_sc_hd__a31oi_1)
   0.1489   49.8244 v hazard_unit/_47_/Y (sky130_fd_sc_hd__a2111oi_0)
   0.2311   50.0555 v hazard_unit/_48_/X (sky130_fd_sc_hd__o21a_1)
   0.2160   50.2715 v hazard_unit/_49_/X (sky130_fd_sc_hd__lpflow_inputiso1p_1)
   0.0843   50.3557 ^ _1986_/Y (sky130_fd_sc_hd__nor2_1)
   0.1035   50.4592 v _1987_/Y (sky130_fd_sc_hd__nand2_1)
   6.8036   57.2628 ^ id_ex_reg/_212_/X (sky130_fd_sc_hd__lpflow_isobufsrc_1)
   0.7364   57.9992 ^ id_ex_reg/_215_/X (sky130_fd_sc_hd__a22o_1)
   0.0000   57.9992 ^ id_ex_reg/_423_/D (sky130_fd_sc_hd__dfrtp_1)
            57.9992   data arrival time

  10.0000   10.0000   clock clk (rise edge)
   0.0000   10.0000   clock network delay (ideal)
   0.0000   10.0000   clock reconvergence pessimism
            10.0000 ^ id_ex_reg/_423_/CLK (sky130_fd_sc_hd__dfrtp_1)
  -0.0922    9.9078   library setup time
             9.9078   data required time
-------------------------------------------------------------
             9.9078   data required time
           -57.9992   data arrival time
-------------------------------------------------------------
           -48.0914   slack (VIOLATED)


Startpoint: ex_mem_reg/_156_ (rising edge-triggered flip-flop clocked by clk)
Endpoint: id_ex_reg/_425_ (rising edge-triggered flip-flop clocked by clk)
Path Group: clk
Path Type: max

    Delay      Time   Description
-------------------------------------------------------------
   0.0000    0.0000   clock clk (rise edge)
   0.0000    0.0000   clock network delay (ideal)
   0.0000    0.0000 ^ ex_mem_reg/_156_/CLK (sky130_fd_sc_hd__dfrtp_1)
   1.1518    1.1518 v ex_mem_reg/_156_/Q (sky130_fd_sc_hd__dfrtp_1)
  28.3114   29.4632 ^ dmem/_13172_/Y (sky130_fd_sc_hd__nor3b_1)
   3.6476   33.1108 v dmem/_24734_/Y (sky130_fd_sc_hd__a222oi_1)
   0.9233   34.0342 ^ dmem/_24735_/Y (sky130_fd_sc_hd__a31oi_1)
   0.0728   34.1069 v dmem/_24736_/Y (sky130_fd_sc_hd__a21oi_1)
   0.3852   34.4921 v dmem/_24737_/X (sky130_fd_sc_hd__a31o_1)
   0.0929   34.5850 ^ dmem/_24778_/Y (sky130_fd_sc_hd__nand4_1)
   0.2281   34.8131 ^ dmem/_24861_/X (sky130_fd_sc_hd__mux4_2)
   0.1424   34.9555 ^ dmem/_24863_/X (sky130_fd_sc_hd__a221o_1)
   0.1281   35.0837 ^ _1151_/X (sky130_fd_sc_hd__a22o_1)
   0.0675   35.1512 v _1152_/Y (sky130_fd_sc_hd__a21oi_1)
   0.3753   35.5265 ^ _1154_/Y (sky130_fd_sc_hd__a21oi_1)
   0.1918   35.7182 ^ _1302_/X (sky130_fd_sc_hd__and2_0)
   0.0684   35.7867 v _1304_/Y (sky130_fd_sc_hd__nor2_1)
   0.1928   35.9794 ^ _1311_/Y (sky130_fd_sc_hd__a21oi_1)
   0.1591   36.1385 v _1321_/Y (sky130_fd_sc_hd__o21ai_0)
   0.4011   36.5396 v _1329_/X (sky130_fd_sc_hd__maj3_1)
   0.3904   36.9300 v _1337_/X (sky130_fd_sc_hd__maj3_1)
   0.3913   37.3213 v _1346_/X (sky130_fd_sc_hd__maj3_1)
   0.3904   37.7117 v _1354_/X (sky130_fd_sc_hd__maj3_1)
   0.3856   38.0973 v _1363_/X (sky130_fd_sc_hd__maj3_1)
   0.3889   38.4861 v _1370_/X (sky130_fd_sc_hd__maj3_1)
   0.3926   38.8788 v _1379_/X (sky130_fd_sc_hd__maj3_1)
   0.3904   39.2691 v _1387_/X (sky130_fd_sc_hd__maj3_1)
   0.3924   39.6615 v _1396_/X (sky130_fd_sc_hd__maj3_1)
   0.3904   40.0519 v _1404_/X (sky130_fd_sc_hd__maj3_1)
   0.3924   40.4444 v _1413_/X (sky130_fd_sc_hd__maj3_1)
   0.3904   40.8347 v _1421_/X (sky130_fd_sc_hd__maj3_1)
   0.3848   41.2195 v _1430_/X (sky130_fd_sc_hd__maj3_1)
   0.3888   41.6084 v _1437_/X (sky130_fd_sc_hd__maj3_1)
   0.3926   42.0010 v _1446_/X (sky130_fd_sc_hd__maj3_1)
   0.3904   42.3914 v _1454_/X (sky130_fd_sc_hd__maj3_1)
   0.3924   42.7837 v _1463_/X (sky130_fd_sc_hd__maj3_1)
   0.3905   43.1742 v _1471_/X (sky130_fd_sc_hd__maj3_1)
   0.3913   43.5655 v _1480_/X (sky130_fd_sc_hd__maj3_1)
   0.3892   43.9548 v _1488_/X (sky130_fd_sc_hd__maj3_1)
   0.3916   44.3464 v _1497_/X (sky130_fd_sc_hd__maj3_1)
   0.3919   44.7383 v _1505_/X (sky130_fd_sc_hd__maj3_1)
   0.3919   45.1303 v _1513_/X (sky130_fd_sc_hd__maj3_1)
   0.3919   45.5222 v _1521_/X (sky130_fd_sc_hd__maj3_1)
   0.3724   45.8946 v _1529_/X (sky130_fd_sc_hd__maj3_1)
   0.1263   46.0209 v _1531_/Y (sky130_fd_sc_hd__xnor2_1)
   1.3008   47.3217 ^ _1536_/Y (sky130_fd_sc_hd__o21ai_0)
   0.2602   47.5820 v bpu/_394_/Y (sky130_fd_sc_hd__a2bb2oi_1)
   0.1540   47.7360 ^ bpu/_397_/Y (sky130_fd_sc_hd__nor2_1)
   0.0640   47.8000 v bpu/_486_/Y (sky130_fd_sc_hd__nor4_1)
   1.8754   49.6754 ^ bpu/_487_/Y (sky130_fd_sc_hd__a31oi_1)
   0.1489   49.8244 v hazard_unit/_47_/Y (sky130_fd_sc_hd__a2111oi_0)
   0.2311   50.0555 v hazard_unit/_48_/X (sky130_fd_sc_hd__o21a_1)
   0.2160   50.2715 v hazard_unit/_49_/X (sky130_fd_sc_hd__lpflow_inputiso1p_1)
   0.0843   50.3557 ^ _1986_/Y (sky130_fd_sc_hd__nor2_1)
   0.1035   50.4592 v _1987_/Y (sky130_fd_sc_hd__nand2_1)
   6.8036   57.2628 ^ id_ex_reg/_212_/X (sky130_fd_sc_hd__lpflow_isobufsrc_1)
   0.7364   57.9992 ^ id_ex_reg/_218_/X (sky130_fd_sc_hd__a22o_1)
   0.0000   57.9992 ^ id_ex_reg/_425_/D (sky130_fd_sc_hd__dfrtp_1)
            57.9992   data arrival time

  10.0000   10.0000   clock clk (rise edge)
   0.0000   10.0000   clock network delay (ideal)
   0.0000   10.0000   clock reconvergence pessimism
            10.0000 ^ id_ex_reg/_425_/CLK (sky130_fd_sc_hd__dfrtp_1)
  -0.0922    9.9078   library setup time
             9.9078   data required time
-------------------------------------------------------------
             9.9078   data required time
           -57.9992   data arrival time
-------------------------------------------------------------
           -48.0914   slack (VIOLATED)


Startpoint: ex_mem_reg/_156_ (rising edge-triggered flip-flop clocked by clk)
Endpoint: id_ex_reg/_426_ (rising edge-triggered flip-flop clocked by clk)
Path Group: clk
Path Type: max

    Delay      Time   Description
-------------------------------------------------------------
   0.0000    0.0000   clock clk (rise edge)
   0.0000    0.0000   clock network delay (ideal)
   0.0000    0.0000 ^ ex_mem_reg/_156_/CLK (sky130_fd_sc_hd__dfrtp_1)
   1.1518    1.1518 v ex_mem_reg/_156_/Q (sky130_fd_sc_hd__dfrtp_1)
  28.3114   29.4632 ^ dmem/_13172_/Y (sky130_fd_sc_hd__nor3b_1)
   3.6476   33.1108 v dmem/_24734_/Y (sky130_fd_sc_hd__a222oi_1)
   0.9233   34.0342 ^ dmem/_24735_/Y (sky130_fd_sc_hd__a31oi_1)
   0.0728   34.1069 v dmem/_24736_/Y (sky130_fd_sc_hd__a21oi_1)
   0.3852   34.4921 v dmem/_24737_/X (sky130_fd_sc_hd__a31o_1)
   0.0929   34.5850 ^ dmem/_24778_/Y (sky130_fd_sc_hd__nand4_1)
   0.2281   34.8131 ^ dmem/_24861_/X (sky130_fd_sc_hd__mux4_2)
   0.1424   34.9555 ^ dmem/_24863_/X (sky130_fd_sc_hd__a221o_1)
   0.1281   35.0837 ^ _1151_/X (sky130_fd_sc_hd__a22o_1)
   0.0675   35.1512 v _1152_/Y (sky130_fd_sc_hd__a21oi_1)
   0.3753   35.5265 ^ _1154_/Y (sky130_fd_sc_hd__a21oi_1)
   0.1918   35.7182 ^ _1302_/X (sky130_fd_sc_hd__and2_0)
   0.0684   35.7867 v _1304_/Y (sky130_fd_sc_hd__nor2_1)
   0.1928   35.9794 ^ _1311_/Y (sky130_fd_sc_hd__a21oi_1)
   0.1591   36.1385 v _1321_/Y (sky130_fd_sc_hd__o21ai_0)
   0.4011   36.5396 v _1329_/X (sky130_fd_sc_hd__maj3_1)
   0.3904   36.9300 v _1337_/X (sky130_fd_sc_hd__maj3_1)
   0.3913   37.3213 v _1346_/X (sky130_fd_sc_hd__maj3_1)
   0.3904   37.7117 v _1354_/X (sky130_fd_sc_hd__maj3_1)
   0.3856   38.0973 v _1363_/X (sky130_fd_sc_hd__maj3_1)
   0.3889   38.4861 v _1370_/X (sky130_fd_sc_hd__maj3_1)
   0.3926   38.8788 v _1379_/X (sky130_fd_sc_hd__maj3_1)
   0.3904   39.2691 v _1387_/X (sky130_fd_sc_hd__maj3_1)
   0.3924   39.6615 v _1396_/X (sky130_fd_sc_hd__maj3_1)
   0.3904   40.0519 v _1404_/X (sky130_fd_sc_hd__maj3_1)
   0.3924   40.4444 v _1413_/X (sky130_fd_sc_hd__maj3_1)
   0.3904   40.8347 v _1421_/X (sky130_fd_sc_hd__maj3_1)
   0.3848   41.2195 v _1430_/X (sky130_fd_sc_hd__maj3_1)
   0.3888   41.6084 v _1437_/X (sky130_fd_sc_hd__maj3_1)
   0.3926   42.0010 v _1446_/X (sky130_fd_sc_hd__maj3_1)
   0.3904   42.3914 v _1454_/X (sky130_fd_sc_hd__maj3_1)
   0.3924   42.7837 v _1463_/X (sky130_fd_sc_hd__maj3_1)
   0.3905   43.1742 v _1471_/X (sky130_fd_sc_hd__maj3_1)
   0.3913   43.5655 v _1480_/X (sky130_fd_sc_hd__maj3_1)
   0.3892   43.9548 v _1488_/X (sky130_fd_sc_hd__maj3_1)
   0.3916   44.3464 v _1497_/X (sky130_fd_sc_hd__maj3_1)
   0.3919   44.7383 v _1505_/X (sky130_fd_sc_hd__maj3_1)
   0.3919   45.1303 v _1513_/X (sky130_fd_sc_hd__maj3_1)
   0.3919   45.5222 v _1521_/X (sky130_fd_sc_hd__maj3_1)
   0.3724   45.8946 v _1529_/X (sky130_fd_sc_hd__maj3_1)
   0.1263   46.0209 v _1531_/Y (sky130_fd_sc_hd__xnor2_1)
   1.3008   47.3217 ^ _1536_/Y (sky130_fd_sc_hd__o21ai_0)
   0.2602   47.5820 v bpu/_394_/Y (sky130_fd_sc_hd__a2bb2oi_1)
   0.1540   47.7360 ^ bpu/_397_/Y (sky130_fd_sc_hd__nor2_1)
   0.0640   47.8000 v bpu/_486_/Y (sky130_fd_sc_hd__nor4_1)
   1.8754   49.6754 ^ bpu/_487_/Y (sky130_fd_sc_hd__a31oi_1)
   0.1489   49.8244 v hazard_unit/_47_/Y (sky130_fd_sc_hd__a2111oi_0)
   0.2311   50.0555 v hazard_unit/_48_/X (sky130_fd_sc_hd__o21a_1)
   0.2160   50.2715 v hazard_unit/_49_/X (sky130_fd_sc_hd__lpflow_inputiso1p_1)
   0.0843   50.3557 ^ _1986_/Y (sky130_fd_sc_hd__nor2_1)
   0.1035   50.4592 v _1987_/Y (sky130_fd_sc_hd__nand2_1)
   6.8036   57.2628 ^ id_ex_reg/_212_/X (sky130_fd_sc_hd__lpflow_isobufsrc_1)
   0.7364   57.9992 ^ id_ex_reg/_219_/X (sky130_fd_sc_hd__a22o_1)
   0.0000   57.9992 ^ id_ex_reg/_426_/D (sky130_fd_sc_hd__dfrtp_1)
            57.9992   data arrival time

  10.0000   10.0000   clock clk (rise edge)
   0.0000   10.0000   clock network delay (ideal)
   0.0000   10.0000   clock reconvergence pessimism
            10.0000 ^ id_ex_reg/_426_/CLK (sky130_fd_sc_hd__dfrtp_1)
  -0.0922    9.9078   library setup time
             9.9078   data required time
-------------------------------------------------------------
             9.9078   data required time
           -57.9992   data arrival time
-------------------------------------------------------------
           -48.0914   slack (VIOLATED)


Startpoint: ex_mem_reg/_156_ (rising edge-triggered flip-flop clocked by clk)
Endpoint: id_ex_reg/_427_ (rising edge-triggered flip-flop clocked by clk)
Path Group: clk
Path Type: max

    Delay      Time   Description
-------------------------------------------------------------
   0.0000    0.0000   clock clk (rise edge)
   0.0000    0.0000   clock network delay (ideal)
   0.0000    0.0000 ^ ex_mem_reg/_156_/CLK (sky130_fd_sc_hd__dfrtp_1)
   1.1518    1.1518 v ex_mem_reg/_156_/Q (sky130_fd_sc_hd__dfrtp_1)
  28.3114   29.4632 ^ dmem/_13172_/Y (sky130_fd_sc_hd__nor3b_1)
   3.6476   33.1108 v dmem/_24734_/Y (sky130_fd_sc_hd__a222oi_1)
   0.9233   34.0342 ^ dmem/_24735_/Y (sky130_fd_sc_hd__a31oi_1)
   0.0728   34.1069 v dmem/_24736_/Y (sky130_fd_sc_hd__a21oi_1)
   0.3852   34.4921 v dmem/_24737_/X (sky130_fd_sc_hd__a31o_1)
   0.0929   34.5850 ^ dmem/_24778_/Y (sky130_fd_sc_hd__nand4_1)
   0.2281   34.8131 ^ dmem/_24861_/X (sky130_fd_sc_hd__mux4_2)
   0.1424   34.9555 ^ dmem/_24863_/X (sky130_fd_sc_hd__a221o_1)
   0.1281   35.0837 ^ _1151_/X (sky130_fd_sc_hd__a22o_1)
   0.0675   35.1512 v _1152_/Y (sky130_fd_sc_hd__a21oi_1)
   0.3753   35.5265 ^ _1154_/Y (sky130_fd_sc_hd__a21oi_1)
   0.1918   35.7182 ^ _1302_/X (sky130_fd_sc_hd__and2_0)
   0.0684   35.7867 v _1304_/Y (sky130_fd_sc_hd__nor2_1)
   0.1928   35.9794 ^ _1311_/Y (sky130_fd_sc_hd__a21oi_1)
   0.1591   36.1385 v _1321_/Y (sky130_fd_sc_hd__o21ai_0)
   0.4011   36.5396 v _1329_/X (sky130_fd_sc_hd__maj3_1)
   0.3904   36.9300 v _1337_/X (sky130_fd_sc_hd__maj3_1)
   0.3913   37.3213 v _1346_/X (sky130_fd_sc_hd__maj3_1)
   0.3904   37.7117 v _1354_/X (sky130_fd_sc_hd__maj3_1)
   0.3856   38.0973 v _1363_/X (sky130_fd_sc_hd__maj3_1)
   0.3889   38.4861 v _1370_/X (sky130_fd_sc_hd__maj3_1)
   0.3926   38.8788 v _1379_/X (sky130_fd_sc_hd__maj3_1)
   0.3904   39.2691 v _1387_/X (sky130_fd_sc_hd__maj3_1)
   0.3924   39.6615 v _1396_/X (sky130_fd_sc_hd__maj3_1)
   0.3904   40.0519 v _1404_/X (sky130_fd_sc_hd__maj3_1)
   0.3924   40.4444 v _1413_/X (sky130_fd_sc_hd__maj3_1)
   0.3904   40.8347 v _1421_/X (sky130_fd_sc_hd__maj3_1)
   0.3848   41.2195 v _1430_/X (sky130_fd_sc_hd__maj3_1)
   0.3888   41.6084 v _1437_/X (sky130_fd_sc_hd__maj3_1)
   0.3926   42.0010 v _1446_/X (sky130_fd_sc_hd__maj3_1)
   0.3904   42.3914 v _1454_/X (sky130_fd_sc_hd__maj3_1)
   0.3924   42.7837 v _1463_/X (sky130_fd_sc_hd__maj3_1)
   0.3905   43.1742 v _1471_/X (sky130_fd_sc_hd__maj3_1)
   0.3913   43.5655 v _1480_/X (sky130_fd_sc_hd__maj3_1)
   0.3892   43.9548 v _1488_/X (sky130_fd_sc_hd__maj3_1)
   0.3916   44.3464 v _1497_/X (sky130_fd_sc_hd__maj3_1)
   0.3919   44.7383 v _1505_/X (sky130_fd_sc_hd__maj3_1)
   0.3919   45.1303 v _1513_/X (sky130_fd_sc_hd__maj3_1)
   0.3919   45.5222 v _1521_/X (sky130_fd_sc_hd__maj3_1)
   0.3724   45.8946 v _1529_/X (sky130_fd_sc_hd__maj3_1)
   0.1263   46.0209 v _1531_/Y (sky130_fd_sc_hd__xnor2_1)
   1.3008   47.3217 ^ _1536_/Y (sky130_fd_sc_hd__o21ai_0)
   0.2602   47.5820 v bpu/_394_/Y (sky130_fd_sc_hd__a2bb2oi_1)
   0.1540   47.7360 ^ bpu/_397_/Y (sky130_fd_sc_hd__nor2_1)
   0.0640   47.8000 v bpu/_486_/Y (sky130_fd_sc_hd__nor4_1)
   1.8754   49.6754 ^ bpu/_487_/Y (sky130_fd_sc_hd__a31oi_1)
   0.1489   49.8244 v hazard_unit/_47_/Y (sky130_fd_sc_hd__a2111oi_0)
   0.2311   50.0555 v hazard_unit/_48_/X (sky130_fd_sc_hd__o21a_1)
   0.2160   50.2715 v hazard_unit/_49_/X (sky130_fd_sc_hd__lpflow_inputiso1p_1)
   0.0843   50.3557 ^ _1986_/Y (sky130_fd_sc_hd__nor2_1)
   0.1035   50.4592 v _1987_/Y (sky130_fd_sc_hd__nand2_1)
   6.8036   57.2628 ^ id_ex_reg/_212_/X (sky130_fd_sc_hd__lpflow_isobufsrc_1)
   0.7364   57.9992 ^ id_ex_reg/_220_/X (sky130_fd_sc_hd__a22o_1)
   0.0000   57.9992 ^ id_ex_reg/_427_/D (sky130_fd_sc_hd__dfrtp_1)
            57.9992   data arrival time

  10.0000   10.0000   clock clk (rise edge)
   0.0000   10.0000   clock network delay (ideal)
   0.0000   10.0000   clock reconvergence pessimism
            10.0000 ^ id_ex_reg/_427_/CLK (sky130_fd_sc_hd__dfrtp_1)
  -0.0922    9.9078   library setup time
             9.9078   data required time
-------------------------------------------------------------
             9.9078   data required time
           -57.9992   data arrival time
-------------------------------------------------------------
           -48.0914   slack (VIOLATED)


Startpoint: ex_mem_reg/_156_ (rising edge-triggered flip-flop clocked by clk)
Endpoint: id_ex_reg/_428_ (rising edge-triggered flip-flop clocked by clk)
Path Group: clk
Path Type: max

    Delay      Time   Description
-------------------------------------------------------------
   0.0000    0.0000   clock clk (rise edge)
   0.0000    0.0000   clock network delay (ideal)
   0.0000    0.0000 ^ ex_mem_reg/_156_/CLK (sky130_fd_sc_hd__dfrtp_1)
   1.1518    1.1518 v ex_mem_reg/_156_/Q (sky130_fd_sc_hd__dfrtp_1)
  28.3114   29.4632 ^ dmem/_13172_/Y (sky130_fd_sc_hd__nor3b_1)
   3.6476   33.1108 v dmem/_24734_/Y (sky130_fd_sc_hd__a222oi_1)
   0.9233   34.0342 ^ dmem/_24735_/Y (sky130_fd_sc_hd__a31oi_1)
   0.0728   34.1069 v dmem/_24736_/Y (sky130_fd_sc_hd__a21oi_1)
   0.3852   34.4921 v dmem/_24737_/X (sky130_fd_sc_hd__a31o_1)
   0.0929   34.5850 ^ dmem/_24778_/Y (sky130_fd_sc_hd__nand4_1)
   0.2281   34.8131 ^ dmem/_24861_/X (sky130_fd_sc_hd__mux4_2)
   0.1424   34.9555 ^ dmem/_24863_/X (sky130_fd_sc_hd__a221o_1)
   0.1281   35.0837 ^ _1151_/X (sky130_fd_sc_hd__a22o_1)
   0.0675   35.1512 v _1152_/Y (sky130_fd_sc_hd__a21oi_1)
   0.3753   35.5265 ^ _1154_/Y (sky130_fd_sc_hd__a21oi_1)
   0.1918   35.7182 ^ _1302_/X (sky130_fd_sc_hd__and2_0)
   0.0684   35.7867 v _1304_/Y (sky130_fd_sc_hd__nor2_1)
   0.1928   35.9794 ^ _1311_/Y (sky130_fd_sc_hd__a21oi_1)
   0.1591   36.1385 v _1321_/Y (sky130_fd_sc_hd__o21ai_0)
   0.4011   36.5396 v _1329_/X (sky130_fd_sc_hd__maj3_1)
   0.3904   36.9300 v _1337_/X (sky130_fd_sc_hd__maj3_1)
   0.3913   37.3213 v _1346_/X (sky130_fd_sc_hd__maj3_1)
   0.3904   37.7117 v _1354_/X (sky130_fd_sc_hd__maj3_1)
   0.3856   38.0973 v _1363_/X (sky130_fd_sc_hd__maj3_1)
   0.3889   38.4861 v _1370_/X (sky130_fd_sc_hd__maj3_1)
   0.3926   38.8788 v _1379_/X (sky130_fd_sc_hd__maj3_1)
   0.3904   39.2691 v _1387_/X (sky130_fd_sc_hd__maj3_1)
   0.3924   39.6615 v _1396_/X (sky130_fd_sc_hd__maj3_1)
   0.3904   40.0519 v _1404_/X (sky130_fd_sc_hd__maj3_1)
   0.3924   40.4444 v _1413_/X (sky130_fd_sc_hd__maj3_1)
   0.3904   40.8347 v _1421_/X (sky130_fd_sc_hd__maj3_1)
   0.3848   41.2195 v _1430_/X (sky130_fd_sc_hd__maj3_1)
   0.3888   41.6084 v _1437_/X (sky130_fd_sc_hd__maj3_1)
   0.3926   42.0010 v _1446_/X (sky130_fd_sc_hd__maj3_1)
   0.3904   42.3914 v _1454_/X (sky130_fd_sc_hd__maj3_1)
   0.3924   42.7837 v _1463_/X (sky130_fd_sc_hd__maj3_1)
   0.3905   43.1742 v _1471_/X (sky130_fd_sc_hd__maj3_1)
   0.3913   43.5655 v _1480_/X (sky130_fd_sc_hd__maj3_1)
   0.3892   43.9548 v _1488_/X (sky130_fd_sc_hd__maj3_1)
   0.3916   44.3464 v _1497_/X (sky130_fd_sc_hd__maj3_1)
   0.3919   44.7383 v _1505_/X (sky130_fd_sc_hd__maj3_1)
   0.3919   45.1303 v _1513_/X (sky130_fd_sc_hd__maj3_1)
   0.3919   45.5222 v _1521_/X (sky130_fd_sc_hd__maj3_1)
   0.3724   45.8946 v _1529_/X (sky130_fd_sc_hd__maj3_1)
   0.1263   46.0209 v _1531_/Y (sky130_fd_sc_hd__xnor2_1)
   1.3008   47.3217 ^ _1536_/Y (sky130_fd_sc_hd__o21ai_0)
   0.2602   47.5820 v bpu/_394_/Y (sky130_fd_sc_hd__a2bb2oi_1)
   0.1540   47.7360 ^ bpu/_397_/Y (sky130_fd_sc_hd__nor2_1)
   0.0640   47.8000 v bpu/_486_/Y (sky130_fd_sc_hd__nor4_1)
   1.8754   49.6754 ^ bpu/_487_/Y (sky130_fd_sc_hd__a31oi_1)
   0.1489   49.8244 v hazard_unit/_47_/Y (sky130_fd_sc_hd__a2111oi_0)
   0.2311   50.0555 v hazard_unit/_48_/X (sky130_fd_sc_hd__o21a_1)
   0.2160   50.2715 v hazard_unit/_49_/X (sky130_fd_sc_hd__lpflow_inputiso1p_1)
   0.0843   50.3557 ^ _1986_/Y (sky130_fd_sc_hd__nor2_1)
   0.1035   50.4592 v _1987_/Y (sky130_fd_sc_hd__nand2_1)
   6.8036   57.2628 ^ id_ex_reg/_212_/X (sky130_fd_sc_hd__lpflow_isobufsrc_1)
   0.7364   57.9992 ^ id_ex_reg/_221_/X (sky130_fd_sc_hd__a22o_1)
   0.0000   57.9992 ^ id_ex_reg/_428_/D (sky130_fd_sc_hd__dfrtp_1)
            57.9992   data arrival time

  10.0000   10.0000   clock clk (rise edge)
   0.0000   10.0000   clock network delay (ideal)
   0.0000   10.0000   clock reconvergence pessimism
            10.0000 ^ id_ex_reg/_428_/CLK (sky130_fd_sc_hd__dfrtp_1)
  -0.0922    9.9078   library setup time
             9.9078   data required time
-------------------------------------------------------------
             9.9078   data required time
           -57.9992   data arrival time
-------------------------------------------------------------
           -48.0914   slack (VIOLATED)


Startpoint: ex_mem_reg/_156_ (rising edge-triggered flip-flop clocked by clk)
Endpoint: id_ex_reg/_429_ (rising edge-triggered flip-flop clocked by clk)
Path Group: clk
Path Type: max

    Delay      Time   Description
-------------------------------------------------------------
   0.0000    0.0000   clock clk (rise edge)
   0.0000    0.0000   clock network delay (ideal)
   0.0000    0.0000 ^ ex_mem_reg/_156_/CLK (sky130_fd_sc_hd__dfrtp_1)
   1.1518    1.1518 v ex_mem_reg/_156_/Q (sky130_fd_sc_hd__dfrtp_1)
  28.3114   29.4632 ^ dmem/_13172_/Y (sky130_fd_sc_hd__nor3b_1)
   3.6476   33.1108 v dmem/_24734_/Y (sky130_fd_sc_hd__a222oi_1)
   0.9233   34.0342 ^ dmem/_24735_/Y (sky130_fd_sc_hd__a31oi_1)
   0.0728   34.1069 v dmem/_24736_/Y (sky130_fd_sc_hd__a21oi_1)
   0.3852   34.4921 v dmem/_24737_/X (sky130_fd_sc_hd__a31o_1)
   0.0929   34.5850 ^ dmem/_24778_/Y (sky130_fd_sc_hd__nand4_1)
   0.2281   34.8131 ^ dmem/_24861_/X (sky130_fd_sc_hd__mux4_2)
   0.1424   34.9555 ^ dmem/_24863_/X (sky130_fd_sc_hd__a221o_1)
   0.1281   35.0837 ^ _1151_/X (sky130_fd_sc_hd__a22o_1)
   0.0675   35.1512 v _1152_/Y (sky130_fd_sc_hd__a21oi_1)
   0.3753   35.5265 ^ _1154_/Y (sky130_fd_sc_hd__a21oi_1)
   0.1918   35.7182 ^ _1302_/X (sky130_fd_sc_hd__and2_0)
   0.0684   35.7867 v _1304_/Y (sky130_fd_sc_hd__nor2_1)
   0.1928   35.9794 ^ _1311_/Y (sky130_fd_sc_hd__a21oi_1)
   0.1591   36.1385 v _1321_/Y (sky130_fd_sc_hd__o21ai_0)
   0.4011   36.5396 v _1329_/X (sky130_fd_sc_hd__maj3_1)
   0.3904   36.9300 v _1337_/X (sky130_fd_sc_hd__maj3_1)
   0.3913   37.3213 v _1346_/X (sky130_fd_sc_hd__maj3_1)
   0.3904   37.7117 v _1354_/X (sky130_fd_sc_hd__maj3_1)
   0.3856   38.0973 v _1363_/X (sky130_fd_sc_hd__maj3_1)
   0.3889   38.4861 v _1370_/X (sky130_fd_sc_hd__maj3_1)
   0.3926   38.8788 v _1379_/X (sky130_fd_sc_hd__maj3_1)
   0.3904   39.2691 v _1387_/X (sky130_fd_sc_hd__maj3_1)
   0.3924   39.6615 v _1396_/X (sky130_fd_sc_hd__maj3_1)
   0.3904   40.0519 v _1404_/X (sky130_fd_sc_hd__maj3_1)
   0.3924   40.4444 v _1413_/X (sky130_fd_sc_hd__maj3_1)
   0.3904   40.8347 v _1421_/X (sky130_fd_sc_hd__maj3_1)
   0.3848   41.2195 v _1430_/X (sky130_fd_sc_hd__maj3_1)
   0.3888   41.6084 v _1437_/X (sky130_fd_sc_hd__maj3_1)
   0.3926   42.0010 v _1446_/X (sky130_fd_sc_hd__maj3_1)
   0.3904   42.3914 v _1454_/X (sky130_fd_sc_hd__maj3_1)
   0.3924   42.7837 v _1463_/X (sky130_fd_sc_hd__maj3_1)
   0.3905   43.1742 v _1471_/X (sky130_fd_sc_hd__maj3_1)
   0.3913   43.5655 v _1480_/X (sky130_fd_sc_hd__maj3_1)
   0.3892   43.9548 v _1488_/X (sky130_fd_sc_hd__maj3_1)
   0.3916   44.3464 v _1497_/X (sky130_fd_sc_hd__maj3_1)
   0.3919   44.7383 v _1505_/X (sky130_fd_sc_hd__maj3_1)
   0.3919   45.1303 v _1513_/X (sky130_fd_sc_hd__maj3_1)
   0.3919   45.5222 v _1521_/X (sky130_fd_sc_hd__maj3_1)
   0.3724   45.8946 v _1529_/X (sky130_fd_sc_hd__maj3_1)
   0.1263   46.0209 v _1531_/Y (sky130_fd_sc_hd__xnor2_1)
   1.3008   47.3217 ^ _1536_/Y (sky130_fd_sc_hd__o21ai_0)
   0.2602   47.5820 v bpu/_394_/Y (sky130_fd_sc_hd__a2bb2oi_1)
   0.1540   47.7360 ^ bpu/_397_/Y (sky130_fd_sc_hd__nor2_1)
   0.0640   47.8000 v bpu/_486_/Y (sky130_fd_sc_hd__nor4_1)
   1.8754   49.6754 ^ bpu/_487_/Y (sky130_fd_sc_hd__a31oi_1)
   0.1489   49.8244 v hazard_unit/_47_/Y (sky130_fd_sc_hd__a2111oi_0)
   0.2311   50.0555 v hazard_unit/_48_/X (sky130_fd_sc_hd__o21a_1)
   0.2160   50.2715 v hazard_unit/_49_/X (sky130_fd_sc_hd__lpflow_inputiso1p_1)
   0.0843   50.3557 ^ _1986_/Y (sky130_fd_sc_hd__nor2_1)
   0.1035   50.4592 v _1987_/Y (sky130_fd_sc_hd__nand2_1)
   6.8036   57.2628 ^ id_ex_reg/_212_/X (sky130_fd_sc_hd__lpflow_isobufsrc_1)
   0.7364   57.9992 ^ id_ex_reg/_222_/X (sky130_fd_sc_hd__a22o_1)
   0.0000   57.9992 ^ id_ex_reg/_429_/D (sky130_fd_sc_hd__dfrtp_1)
            57.9992   data arrival time

  10.0000   10.0000   clock clk (rise edge)
   0.0000   10.0000   clock network delay (ideal)
   0.0000   10.0000   clock reconvergence pessimism
            10.0000 ^ id_ex_reg/_429_/CLK (sky130_fd_sc_hd__dfrtp_1)
  -0.0922    9.9078   library setup time
             9.9078   data required time
-------------------------------------------------------------
             9.9078   data required time
           -57.9992   data arrival time
-------------------------------------------------------------
           -48.0914   slack (VIOLATED)


Startpoint: ex_mem_reg/_156_ (rising edge-triggered flip-flop clocked by clk)
Endpoint: id_ex_reg/_430_ (rising edge-triggered flip-flop clocked by clk)
Path Group: clk
Path Type: max

    Delay      Time   Description
-------------------------------------------------------------
   0.0000    0.0000   clock clk (rise edge)
   0.0000    0.0000   clock network delay (ideal)
   0.0000    0.0000 ^ ex_mem_reg/_156_/CLK (sky130_fd_sc_hd__dfrtp_1)
   1.1518    1.1518 v ex_mem_reg/_156_/Q (sky130_fd_sc_hd__dfrtp_1)
  28.3114   29.4632 ^ dmem/_13172_/Y (sky130_fd_sc_hd__nor3b_1)
   3.6476   33.1108 v dmem/_24734_/Y (sky130_fd_sc_hd__a222oi_1)
   0.9233   34.0342 ^ dmem/_24735_/Y (sky130_fd_sc_hd__a31oi_1)
   0.0728   34.1069 v dmem/_24736_/Y (sky130_fd_sc_hd__a21oi_1)
   0.3852   34.4921 v dmem/_24737_/X (sky130_fd_sc_hd__a31o_1)
   0.0929   34.5850 ^ dmem/_24778_/Y (sky130_fd_sc_hd__nand4_1)
   0.2281   34.8131 ^ dmem/_24861_/X (sky130_fd_sc_hd__mux4_2)
   0.1424   34.9555 ^ dmem/_24863_/X (sky130_fd_sc_hd__a221o_1)
   0.1281   35.0837 ^ _1151_/X (sky130_fd_sc_hd__a22o_1)
   0.0675   35.1512 v _1152_/Y (sky130_fd_sc_hd__a21oi_1)
   0.3753   35.5265 ^ _1154_/Y (sky130_fd_sc_hd__a21oi_1)
   0.1918   35.7182 ^ _1302_/X (sky130_fd_sc_hd__and2_0)
   0.0684   35.7867 v _1304_/Y (sky130_fd_sc_hd__nor2_1)
   0.1928   35.9794 ^ _1311_/Y (sky130_fd_sc_hd__a21oi_1)
   0.1591   36.1385 v _1321_/Y (sky130_fd_sc_hd__o21ai_0)
   0.4011   36.5396 v _1329_/X (sky130_fd_sc_hd__maj3_1)
   0.3904   36.9300 v _1337_/X (sky130_fd_sc_hd__maj3_1)
   0.3913   37.3213 v _1346_/X (sky130_fd_sc_hd__maj3_1)
   0.3904   37.7117 v _1354_/X (sky130_fd_sc_hd__maj3_1)
   0.3856   38.0973 v _1363_/X (sky130_fd_sc_hd__maj3_1)
   0.3889   38.4861 v _1370_/X (sky130_fd_sc_hd__maj3_1)
   0.3926   38.8788 v _1379_/X (sky130_fd_sc_hd__maj3_1)
   0.3904   39.2691 v _1387_/X (sky130_fd_sc_hd__maj3_1)
   0.3924   39.6615 v _1396_/X (sky130_fd_sc_hd__maj3_1)
   0.3904   40.0519 v _1404_/X (sky130_fd_sc_hd__maj3_1)
   0.3924   40.4444 v _1413_/X (sky130_fd_sc_hd__maj3_1)
   0.3904   40.8347 v _1421_/X (sky130_fd_sc_hd__maj3_1)
   0.3848   41.2195 v _1430_/X (sky130_fd_sc_hd__maj3_1)
   0.3888   41.6084 v _1437_/X (sky130_fd_sc_hd__maj3_1)
   0.3926   42.0010 v _1446_/X (sky130_fd_sc_hd__maj3_1)
   0.3904   42.3914 v _1454_/X (sky130_fd_sc_hd__maj3_1)
   0.3924   42.7837 v _1463_/X (sky130_fd_sc_hd__maj3_1)
   0.3905   43.1742 v _1471_/X (sky130_fd_sc_hd__maj3_1)
   0.3913   43.5655 v _1480_/X (sky130_fd_sc_hd__maj3_1)
   0.3892   43.9548 v _1488_/X (sky130_fd_sc_hd__maj3_1)
   0.3916   44.3464 v _1497_/X (sky130_fd_sc_hd__maj3_1)
   0.3919   44.7383 v _1505_/X (sky130_fd_sc_hd__maj3_1)
   0.3919   45.1303 v _1513_/X (sky130_fd_sc_hd__maj3_1)
   0.3919   45.5222 v _1521_/X (sky130_fd_sc_hd__maj3_1)
   0.3724   45.8946 v _1529_/X (sky130_fd_sc_hd__maj3_1)
   0.1263   46.0209 v _1531_/Y (sky130_fd_sc_hd__xnor2_1)
   1.3008   47.3217 ^ _1536_/Y (sky130_fd_sc_hd__o21ai_0)
   0.2602   47.5820 v bpu/_394_/Y (sky130_fd_sc_hd__a2bb2oi_1)
   0.1540   47.7360 ^ bpu/_397_/Y (sky130_fd_sc_hd__nor2_1)
   0.0640   47.8000 v bpu/_486_/Y (sky130_fd_sc_hd__nor4_1)
   1.8754   49.6754 ^ bpu/_487_/Y (sky130_fd_sc_hd__a31oi_1)
   0.1489   49.8244 v hazard_unit/_47_/Y (sky130_fd_sc_hd__a2111oi_0)
   0.2311   50.0555 v hazard_unit/_48_/X (sky130_fd_sc_hd__o21a_1)
   0.2160   50.2715 v hazard_unit/_49_/X (sky130_fd_sc_hd__lpflow_inputiso1p_1)
   0.0843   50.3557 ^ _1986_/Y (sky130_fd_sc_hd__nor2_1)
   0.1035   50.4592 v _1987_/Y (sky130_fd_sc_hd__nand2_1)
   6.8036   57.2628 ^ id_ex_reg/_212_/X (sky130_fd_sc_hd__lpflow_isobufsrc_1)
   0.7364   57.9992 ^ id_ex_reg/_223_/X (sky130_fd_sc_hd__a22o_1)
   0.0000   57.9992 ^ id_ex_reg/_430_/D (sky130_fd_sc_hd__dfrtp_1)
            57.9992   data arrival time

  10.0000   10.0000   clock clk (rise edge)
   0.0000   10.0000   clock network delay (ideal)
   0.0000   10.0000   clock reconvergence pessimism
            10.0000 ^ id_ex_reg/_430_/CLK (sky130_fd_sc_hd__dfrtp_1)
  -0.0922    9.9078   library setup time
             9.9078   data required time
-------------------------------------------------------------
             9.9078   data required time
           -57.9992   data arrival time
-------------------------------------------------------------
           -48.0914   slack (VIOLATED)


Startpoint: ex_mem_reg/_156_ (rising edge-triggered flip-flop clocked by clk)
Endpoint: id_ex_reg/_431_ (rising edge-triggered flip-flop clocked by clk)
Path Group: clk
Path Type: max

    Delay      Time   Description
-------------------------------------------------------------
   0.0000    0.0000   clock clk (rise edge)
   0.0000    0.0000   clock network delay (ideal)
   0.0000    0.0000 ^ ex_mem_reg/_156_/CLK (sky130_fd_sc_hd__dfrtp_1)
   1.1518    1.1518 v ex_mem_reg/_156_/Q (sky130_fd_sc_hd__dfrtp_1)
  28.3114   29.4632 ^ dmem/_13172_/Y (sky130_fd_sc_hd__nor3b_1)
   3.6476   33.1108 v dmem/_24734_/Y (sky130_fd_sc_hd__a222oi_1)
   0.9233   34.0342 ^ dmem/_24735_/Y (sky130_fd_sc_hd__a31oi_1)
   0.0728   34.1069 v dmem/_24736_/Y (sky130_fd_sc_hd__a21oi_1)
   0.3852   34.4921 v dmem/_24737_/X (sky130_fd_sc_hd__a31o_1)
   0.0929   34.5850 ^ dmem/_24778_/Y (sky130_fd_sc_hd__nand4_1)
   0.2281   34.8131 ^ dmem/_24861_/X (sky130_fd_sc_hd__mux4_2)
   0.1424   34.9555 ^ dmem/_24863_/X (sky130_fd_sc_hd__a221o_1)
   0.1281   35.0837 ^ _1151_/X (sky130_fd_sc_hd__a22o_1)
   0.0675   35.1512 v _1152_/Y (sky130_fd_sc_hd__a21oi_1)
   0.3753   35.5265 ^ _1154_/Y (sky130_fd_sc_hd__a21oi_1)
   0.1918   35.7182 ^ _1302_/X (sky130_fd_sc_hd__and2_0)
   0.0684   35.7867 v _1304_/Y (sky130_fd_sc_hd__nor2_1)
   0.1928   35.9794 ^ _1311_/Y (sky130_fd_sc_hd__a21oi_1)
   0.1591   36.1385 v _1321_/Y (sky130_fd_sc_hd__o21ai_0)
   0.4011   36.5396 v _1329_/X (sky130_fd_sc_hd__maj3_1)
   0.3904   36.9300 v _1337_/X (sky130_fd_sc_hd__maj3_1)
   0.3913   37.3213 v _1346_/X (sky130_fd_sc_hd__maj3_1)
   0.3904   37.7117 v _1354_/X (sky130_fd_sc_hd__maj3_1)
   0.3856   38.0973 v _1363_/X (sky130_fd_sc_hd__maj3_1)
   0.3889   38.4861 v _1370_/X (sky130_fd_sc_hd__maj3_1)
   0.3926   38.8788 v _1379_/X (sky130_fd_sc_hd__maj3_1)
   0.3904   39.2691 v _1387_/X (sky130_fd_sc_hd__maj3_1)
   0.3924   39.6615 v _1396_/X (sky130_fd_sc_hd__maj3_1)
   0.3904   40.0519 v _1404_/X (sky130_fd_sc_hd__maj3_1)
   0.3924   40.4444 v _1413_/X (sky130_fd_sc_hd__maj3_1)
   0.3904   40.8347 v _1421_/X (sky130_fd_sc_hd__maj3_1)
   0.3848   41.2195 v _1430_/X (sky130_fd_sc_hd__maj3_1)
   0.3888   41.6084 v _1437_/X (sky130_fd_sc_hd__maj3_1)
   0.3926   42.0010 v _1446_/X (sky130_fd_sc_hd__maj3_1)
   0.3904   42.3914 v _1454_/X (sky130_fd_sc_hd__maj3_1)
   0.3924   42.7837 v _1463_/X (sky130_fd_sc_hd__maj3_1)
   0.3905   43.1742 v _1471_/X (sky130_fd_sc_hd__maj3_1)
   0.3913   43.5655 v _1480_/X (sky130_fd_sc_hd__maj3_1)
   0.3892   43.9548 v _1488_/X (sky130_fd_sc_hd__maj3_1)
   0.3916   44.3464 v _1497_/X (sky130_fd_sc_hd__maj3_1)
   0.3919   44.7383 v _1505_/X (sky130_fd_sc_hd__maj3_1)
   0.3919   45.1303 v _1513_/X (sky130_fd_sc_hd__maj3_1)
   0.3919   45.5222 v _1521_/X (sky130_fd_sc_hd__maj3_1)
   0.3724   45.8946 v _1529_/X (sky130_fd_sc_hd__maj3_1)
   0.1263   46.0209 v _1531_/Y (sky130_fd_sc_hd__xnor2_1)
   1.3008   47.3217 ^ _1536_/Y (sky130_fd_sc_hd__o21ai_0)
   0.2602   47.5820 v bpu/_394_/Y (sky130_fd_sc_hd__a2bb2oi_1)
   0.1540   47.7360 ^ bpu/_397_/Y (sky130_fd_sc_hd__nor2_1)
   0.0640   47.8000 v bpu/_486_/Y (sky130_fd_sc_hd__nor4_1)
   1.8754   49.6754 ^ bpu/_487_/Y (sky130_fd_sc_hd__a31oi_1)
   0.1489   49.8244 v hazard_unit/_47_/Y (sky130_fd_sc_hd__a2111oi_0)
   0.2311   50.0555 v hazard_unit/_48_/X (sky130_fd_sc_hd__o21a_1)
   0.2160   50.2715 v hazard_unit/_49_/X (sky130_fd_sc_hd__lpflow_inputiso1p_1)
   0.0843   50.3557 ^ _1986_/Y (sky130_fd_sc_hd__nor2_1)
   0.1035   50.4592 v _1987_/Y (sky130_fd_sc_hd__nand2_1)
   6.8036   57.2628 ^ id_ex_reg/_212_/X (sky130_fd_sc_hd__lpflow_isobufsrc_1)
   0.7364   57.9992 ^ id_ex_reg/_224_/X (sky130_fd_sc_hd__a22o_1)
   0.0000   57.9992 ^ id_ex_reg/_431_/D (sky130_fd_sc_hd__dfrtp_1)
            57.9992   data arrival time

  10.0000   10.0000   clock clk (rise edge)
   0.0000   10.0000   clock network delay (ideal)
   0.0000   10.0000   clock reconvergence pessimism
            10.0000 ^ id_ex_reg/_431_/CLK (sky130_fd_sc_hd__dfrtp_1)
  -0.0922    9.9078   library setup time
             9.9078   data required time
-------------------------------------------------------------
             9.9078   data required time
           -57.9992   data arrival time
-------------------------------------------------------------
           -48.0914   slack (VIOLATED)


Startpoint: ex_mem_reg/_156_ (rising edge-triggered flip-flop clocked by clk)
Endpoint: id_ex_reg/_432_ (rising edge-triggered flip-flop clocked by clk)
Path Group: clk
Path Type: max

    Delay      Time   Description
-------------------------------------------------------------
   0.0000    0.0000   clock clk (rise edge)
   0.0000    0.0000   clock network delay (ideal)
   0.0000    0.0000 ^ ex_mem_reg/_156_/CLK (sky130_fd_sc_hd__dfrtp_1)
   1.1518    1.1518 v ex_mem_reg/_156_/Q (sky130_fd_sc_hd__dfrtp_1)
  28.3114   29.4632 ^ dmem/_13172_/Y (sky130_fd_sc_hd__nor3b_1)
   3.6476   33.1108 v dmem/_24734_/Y (sky130_fd_sc_hd__a222oi_1)
   0.9233   34.0342 ^ dmem/_24735_/Y (sky130_fd_sc_hd__a31oi_1)
   0.0728   34.1069 v dmem/_24736_/Y (sky130_fd_sc_hd__a21oi_1)
   0.3852   34.4921 v dmem/_24737_/X (sky130_fd_sc_hd__a31o_1)
   0.0929   34.5850 ^ dmem/_24778_/Y (sky130_fd_sc_hd__nand4_1)
   0.2281   34.8131 ^ dmem/_24861_/X (sky130_fd_sc_hd__mux4_2)
   0.1424   34.9555 ^ dmem/_24863_/X (sky130_fd_sc_hd__a221o_1)
   0.1281   35.0837 ^ _1151_/X (sky130_fd_sc_hd__a22o_1)
   0.0675   35.1512 v _1152_/Y (sky130_fd_sc_hd__a21oi_1)
   0.3753   35.5265 ^ _1154_/Y (sky130_fd_sc_hd__a21oi_1)
   0.1918   35.7182 ^ _1302_/X (sky130_fd_sc_hd__and2_0)
   0.0684   35.7867 v _1304_/Y (sky130_fd_sc_hd__nor2_1)
   0.1928   35.9794 ^ _1311_/Y (sky130_fd_sc_hd__a21oi_1)
   0.1591   36.1385 v _1321_/Y (sky130_fd_sc_hd__o21ai_0)
   0.4011   36.5396 v _1329_/X (sky130_fd_sc_hd__maj3_1)
   0.3904   36.9300 v _1337_/X (sky130_fd_sc_hd__maj3_1)
   0.3913   37.3213 v _1346_/X (sky130_fd_sc_hd__maj3_1)
   0.3904   37.7117 v _1354_/X (sky130_fd_sc_hd__maj3_1)
   0.3856   38.0973 v _1363_/X (sky130_fd_sc_hd__maj3_1)
   0.3889   38.4861 v _1370_/X (sky130_fd_sc_hd__maj3_1)
   0.3926   38.8788 v _1379_/X (sky130_fd_sc_hd__maj3_1)
   0.3904   39.2691 v _1387_/X (sky130_fd_sc_hd__maj3_1)
   0.3924   39.6615 v _1396_/X (sky130_fd_sc_hd__maj3_1)
   0.3904   40.0519 v _1404_/X (sky130_fd_sc_hd__maj3_1)
   0.3924   40.4444 v _1413_/X (sky130_fd_sc_hd__maj3_1)
   0.3904   40.8347 v _1421_/X (sky130_fd_sc_hd__maj3_1)
   0.3848   41.2195 v _1430_/X (sky130_fd_sc_hd__maj3_1)
   0.3888   41.6084 v _1437_/X (sky130_fd_sc_hd__maj3_1)
   0.3926   42.0010 v _1446_/X (sky130_fd_sc_hd__maj3_1)
   0.3904   42.3914 v _1454_/X (sky130_fd_sc_hd__maj3_1)
   0.3924   42.7837 v _1463_/X (sky130_fd_sc_hd__maj3_1)
   0.3905   43.1742 v _1471_/X (sky130_fd_sc_hd__maj3_1)
   0.3913   43.5655 v _1480_/X (sky130_fd_sc_hd__maj3_1)
   0.3892   43.9548 v _1488_/X (sky130_fd_sc_hd__maj3_1)
   0.3916   44.3464 v _1497_/X (sky130_fd_sc_hd__maj3_1)
   0.3919   44.7383 v _1505_/X (sky130_fd_sc_hd__maj3_1)
   0.3919   45.1303 v _1513_/X (sky130_fd_sc_hd__maj3_1)
   0.3919   45.5222 v _1521_/X (sky130_fd_sc_hd__maj3_1)
   0.3724   45.8946 v _1529_/X (sky130_fd_sc_hd__maj3_1)
   0.1263   46.0209 v _1531_/Y (sky130_fd_sc_hd__xnor2_1)
   1.3008   47.3217 ^ _1536_/Y (sky130_fd_sc_hd__o21ai_0)
   0.2602   47.5820 v bpu/_394_/Y (sky130_fd_sc_hd__a2bb2oi_1)
   0.1540   47.7360 ^ bpu/_397_/Y (sky130_fd_sc_hd__nor2_1)
   0.0640   47.8000 v bpu/_486_/Y (sky130_fd_sc_hd__nor4_1)
   1.8754   49.6754 ^ bpu/_487_/Y (sky130_fd_sc_hd__a31oi_1)
   0.1489   49.8244 v hazard_unit/_47_/Y (sky130_fd_sc_hd__a2111oi_0)
   0.2311   50.0555 v hazard_unit/_48_/X (sky130_fd_sc_hd__o21a_1)
   0.2160   50.2715 v hazard_unit/_49_/X (sky130_fd_sc_hd__lpflow_inputiso1p_1)
   0.0843   50.3557 ^ _1986_/Y (sky130_fd_sc_hd__nor2_1)
   0.1035   50.4592 v _1987_/Y (sky130_fd_sc_hd__nand2_1)
   6.8036   57.2628 ^ id_ex_reg/_212_/X (sky130_fd_sc_hd__lpflow_isobufsrc_1)
   0.7364   57.9992 ^ id_ex_reg/_225_/X (sky130_fd_sc_hd__a22o_1)
   0.0000   57.9992 ^ id_ex_reg/_432_/D (sky130_fd_sc_hd__dfrtp_1)
            57.9992   data arrival time

  10.0000   10.0000   clock clk (rise edge)
   0.0000   10.0000   clock network delay (ideal)
   0.0000   10.0000   clock reconvergence pessimism
            10.0000 ^ id_ex_reg/_432_/CLK (sky130_fd_sc_hd__dfrtp_1)
  -0.0922    9.9078   library setup time
             9.9078   data required time
-------------------------------------------------------------
             9.9078   data required time
           -57.9992   data arrival time
-------------------------------------------------------------
           -48.0914   slack (VIOLATED)


Startpoint: ex_mem_reg/_156_ (rising edge-triggered flip-flop clocked by clk)
Endpoint: id_ex_reg/_433_ (rising edge-triggered flip-flop clocked by clk)
Path Group: clk
Path Type: max

    Delay      Time   Description
-------------------------------------------------------------
   0.0000    0.0000   clock clk (rise edge)
   0.0000    0.0000   clock network delay (ideal)
   0.0000    0.0000 ^ ex_mem_reg/_156_/CLK (sky130_fd_sc_hd__dfrtp_1)
   1.1518    1.1518 v ex_mem_reg/_156_/Q (sky130_fd_sc_hd__dfrtp_1)
  28.3114   29.4632 ^ dmem/_13172_/Y (sky130_fd_sc_hd__nor3b_1)
   3.6476   33.1108 v dmem/_24734_/Y (sky130_fd_sc_hd__a222oi_1)
   0.9233   34.0342 ^ dmem/_24735_/Y (sky130_fd_sc_hd__a31oi_1)
   0.0728   34.1069 v dmem/_24736_/Y (sky130_fd_sc_hd__a21oi_1)
   0.3852   34.4921 v dmem/_24737_/X (sky130_fd_sc_hd__a31o_1)
   0.0929   34.5850 ^ dmem/_24778_/Y (sky130_fd_sc_hd__nand4_1)
   0.2281   34.8131 ^ dmem/_24861_/X (sky130_fd_sc_hd__mux4_2)
   0.1424   34.9555 ^ dmem/_24863_/X (sky130_fd_sc_hd__a221o_1)
   0.1281   35.0837 ^ _1151_/X (sky130_fd_sc_hd__a22o_1)
   0.0675   35.1512 v _1152_/Y (sky130_fd_sc_hd__a21oi_1)
   0.3753   35.5265 ^ _1154_/Y (sky130_fd_sc_hd__a21oi_1)
   0.1918   35.7182 ^ _1302_/X (sky130_fd_sc_hd__and2_0)
   0.0684   35.7867 v _1304_/Y (sky130_fd_sc_hd__nor2_1)
   0.1928   35.9794 ^ _1311_/Y (sky130_fd_sc_hd__a21oi_1)
   0.1591   36.1385 v _1321_/Y (sky130_fd_sc_hd__o21ai_0)
   0.4011   36.5396 v _1329_/X (sky130_fd_sc_hd__maj3_1)
   0.3904   36.9300 v _1337_/X (sky130_fd_sc_hd__maj3_1)
   0.3913   37.3213 v _1346_/X (sky130_fd_sc_hd__maj3_1)
   0.3904   37.7117 v _1354_/X (sky130_fd_sc_hd__maj3_1)
   0.3856   38.0973 v _1363_/X (sky130_fd_sc_hd__maj3_1)
   0.3889   38.4861 v _1370_/X (sky130_fd_sc_hd__maj3_1)
   0.3926   38.8788 v _1379_/X (sky130_fd_sc_hd__maj3_1)
   0.3904   39.2691 v _1387_/X (sky130_fd_sc_hd__maj3_1)
   0.3924   39.6615 v _1396_/X (sky130_fd_sc_hd__maj3_1)
   0.3904   40.0519 v _1404_/X (sky130_fd_sc_hd__maj3_1)
   0.3924   40.4444 v _1413_/X (sky130_fd_sc_hd__maj3_1)
   0.3904   40.8347 v _1421_/X (sky130_fd_sc_hd__maj3_1)
   0.3848   41.2195 v _1430_/X (sky130_fd_sc_hd__maj3_1)
   0.3888   41.6084 v _1437_/X (sky130_fd_sc_hd__maj3_1)
   0.3926   42.0010 v _1446_/X (sky130_fd_sc_hd__maj3_1)
   0.3904   42.3914 v _1454_/X (sky130_fd_sc_hd__maj3_1)
   0.3924   42.7837 v _1463_/X (sky130_fd_sc_hd__maj3_1)
   0.3905   43.1742 v _1471_/X (sky130_fd_sc_hd__maj3_1)
   0.3913   43.5655 v _1480_/X (sky130_fd_sc_hd__maj3_1)
   0.3892   43.9548 v _1488_/X (sky130_fd_sc_hd__maj3_1)
   0.3916   44.3464 v _1497_/X (sky130_fd_sc_hd__maj3_1)
   0.3919   44.7383 v _1505_/X (sky130_fd_sc_hd__maj3_1)
   0.3919   45.1303 v _1513_/X (sky130_fd_sc_hd__maj3_1)
   0.3919   45.5222 v _1521_/X (sky130_fd_sc_hd__maj3_1)
   0.3724   45.8946 v _1529_/X (sky130_fd_sc_hd__maj3_1)
   0.1263   46.0209 v _1531_/Y (sky130_fd_sc_hd__xnor2_1)
   1.3008   47.3217 ^ _1536_/Y (sky130_fd_sc_hd__o21ai_0)
   0.2602   47.5820 v bpu/_394_/Y (sky130_fd_sc_hd__a2bb2oi_1)
   0.1540   47.7360 ^ bpu/_397_/Y (sky130_fd_sc_hd__nor2_1)
   0.0640   47.8000 v bpu/_486_/Y (sky130_fd_sc_hd__nor4_1)
   1.8754   49.6754 ^ bpu/_487_/Y (sky130_fd_sc_hd__a31oi_1)
   0.1489   49.8244 v hazard_unit/_47_/Y (sky130_fd_sc_hd__a2111oi_0)
   0.2311   50.0555 v hazard_unit/_48_/X (sky130_fd_sc_hd__o21a_1)
   0.2160   50.2715 v hazard_unit/_49_/X (sky130_fd_sc_hd__lpflow_inputiso1p_1)
   0.0843   50.3557 ^ _1986_/Y (sky130_fd_sc_hd__nor2_1)
   0.1035   50.4592 v _1987_/Y (sky130_fd_sc_hd__nand2_1)
   6.8036   57.2628 ^ id_ex_reg/_212_/X (sky130_fd_sc_hd__lpflow_isobufsrc_1)
   0.7364   57.9992 ^ id_ex_reg/_226_/X (sky130_fd_sc_hd__a22o_1)
   0.0000   57.9992 ^ id_ex_reg/_433_/D (sky130_fd_sc_hd__dfrtp_1)
            57.9992   data arrival time

  10.0000   10.0000   clock clk (rise edge)
   0.0000   10.0000   clock network delay (ideal)
   0.0000   10.0000   clock reconvergence pessimism
            10.0000 ^ id_ex_reg/_433_/CLK (sky130_fd_sc_hd__dfrtp_1)
  -0.0922    9.9078   library setup time
             9.9078   data required time
-------------------------------------------------------------
             9.9078   data required time
           -57.9992   data arrival time
-------------------------------------------------------------
           -48.0914   slack (VIOLATED)


Startpoint: ex_mem_reg/_156_ (rising edge-triggered flip-flop clocked by clk)
Endpoint: id_ex_reg/_434_ (rising edge-triggered flip-flop clocked by clk)
Path Group: clk
Path Type: max

    Delay      Time   Description
-------------------------------------------------------------
   0.0000    0.0000   clock clk (rise edge)
   0.0000    0.0000   clock network delay (ideal)
   0.0000    0.0000 ^ ex_mem_reg/_156_/CLK (sky130_fd_sc_hd__dfrtp_1)
   1.1518    1.1518 v ex_mem_reg/_156_/Q (sky130_fd_sc_hd__dfrtp_1)
  28.3114   29.4632 ^ dmem/_13172_/Y (sky130_fd_sc_hd__nor3b_1)
   3.6476   33.1108 v dmem/_24734_/Y (sky130_fd_sc_hd__a222oi_1)
   0.9233   34.0342 ^ dmem/_24735_/Y (sky130_fd_sc_hd__a31oi_1)
   0.0728   34.1069 v dmem/_24736_/Y (sky130_fd_sc_hd__a21oi_1)
   0.3852   34.4921 v dmem/_24737_/X (sky130_fd_sc_hd__a31o_1)
   0.0929   34.5850 ^ dmem/_24778_/Y (sky130_fd_sc_hd__nand4_1)
   0.2281   34.8131 ^ dmem/_24861_/X (sky130_fd_sc_hd__mux4_2)
   0.1424   34.9555 ^ dmem/_24863_/X (sky130_fd_sc_hd__a221o_1)
   0.1281   35.0837 ^ _1151_/X (sky130_fd_sc_hd__a22o_1)
   0.0675   35.1512 v _1152_/Y (sky130_fd_sc_hd__a21oi_1)
   0.3753   35.5265 ^ _1154_/Y (sky130_fd_sc_hd__a21oi_1)
   0.1918   35.7182 ^ _1302_/X (sky130_fd_sc_hd__and2_0)
   0.0684   35.7867 v _1304_/Y (sky130_fd_sc_hd__nor2_1)
   0.1928   35.9794 ^ _1311_/Y (sky130_fd_sc_hd__a21oi_1)
   0.1591   36.1385 v _1321_/Y (sky130_fd_sc_hd__o21ai_0)
   0.4011   36.5396 v _1329_/X (sky130_fd_sc_hd__maj3_1)
   0.3904   36.9300 v _1337_/X (sky130_fd_sc_hd__maj3_1)
   0.3913   37.3213 v _1346_/X (sky130_fd_sc_hd__maj3_1)
   0.3904   37.7117 v _1354_/X (sky130_fd_sc_hd__maj3_1)
   0.3856   38.0973 v _1363_/X (sky130_fd_sc_hd__maj3_1)
   0.3889   38.4861 v _1370_/X (sky130_fd_sc_hd__maj3_1)
   0.3926   38.8788 v _1379_/X (sky130_fd_sc_hd__maj3_1)
   0.3904   39.2691 v _1387_/X (sky130_fd_sc_hd__maj3_1)
   0.3924   39.6615 v _1396_/X (sky130_fd_sc_hd__maj3_1)
   0.3904   40.0519 v _1404_/X (sky130_fd_sc_hd__maj3_1)
   0.3924   40.4444 v _1413_/X (sky130_fd_sc_hd__maj3_1)
   0.3904   40.8347 v _1421_/X (sky130_fd_sc_hd__maj3_1)
   0.3848   41.2195 v _1430_/X (sky130_fd_sc_hd__maj3_1)
   0.3888   41.6084 v _1437_/X (sky130_fd_sc_hd__maj3_1)
   0.3926   42.0010 v _1446_/X (sky130_fd_sc_hd__maj3_1)
   0.3904   42.3914 v _1454_/X (sky130_fd_sc_hd__maj3_1)
   0.3924   42.7837 v _1463_/X (sky130_fd_sc_hd__maj3_1)
   0.3905   43.1742 v _1471_/X (sky130_fd_sc_hd__maj3_1)
   0.3913   43.5655 v _1480_/X (sky130_fd_sc_hd__maj3_1)
   0.3892   43.9548 v _1488_/X (sky130_fd_sc_hd__maj3_1)
   0.3916   44.3464 v _1497_/X (sky130_fd_sc_hd__maj3_1)
   0.3919   44.7383 v _1505_/X (sky130_fd_sc_hd__maj3_1)
   0.3919   45.1303 v _1513_/X (sky130_fd_sc_hd__maj3_1)
   0.3919   45.5222 v _1521_/X (sky130_fd_sc_hd__maj3_1)
   0.3724   45.8946 v _1529_/X (sky130_fd_sc_hd__maj3_1)
   0.1263   46.0209 v _1531_/Y (sky130_fd_sc_hd__xnor2_1)
   1.3008   47.3217 ^ _1536_/Y (sky130_fd_sc_hd__o21ai_0)
   0.2602   47.5820 v bpu/_394_/Y (sky130_fd_sc_hd__a2bb2oi_1)
   0.1540   47.7360 ^ bpu/_397_/Y (sky130_fd_sc_hd__nor2_1)
   0.0640   47.8000 v bpu/_486_/Y (sky130_fd_sc_hd__nor4_1)
   1.8754   49.6754 ^ bpu/_487_/Y (sky130_fd_sc_hd__a31oi_1)
   0.1489   49.8244 v hazard_unit/_47_/Y (sky130_fd_sc_hd__a2111oi_0)
   0.2311   50.0555 v hazard_unit/_48_/X (sky130_fd_sc_hd__o21a_1)
   0.2160   50.2715 v hazard_unit/_49_/X (sky130_fd_sc_hd__lpflow_inputiso1p_1)
   0.0843   50.3557 ^ _1986_/Y (sky130_fd_sc_hd__nor2_1)
   0.1035   50.4592 v _1987_/Y (sky130_fd_sc_hd__nand2_1)
   6.8036   57.2628 ^ id_ex_reg/_212_/X (sky130_fd_sc_hd__lpflow_isobufsrc_1)
   0.7364   57.9992 ^ id_ex_reg/_227_/X (sky130_fd_sc_hd__a22o_1)
   0.0000   57.9992 ^ id_ex_reg/_434_/D (sky130_fd_sc_hd__dfrtp_1)
            57.9992   data arrival time

  10.0000   10.0000   clock clk (rise edge)
   0.0000   10.0000   clock network delay (ideal)
   0.0000   10.0000   clock reconvergence pessimism
            10.0000 ^ id_ex_reg/_434_/CLK (sky130_fd_sc_hd__dfrtp_1)
  -0.0922    9.9078   library setup time
             9.9078   data required time
-------------------------------------------------------------
             9.9078   data required time
           -57.9992   data arrival time
-------------------------------------------------------------
           -48.0914   slack (VIOLATED)


Startpoint: ex_mem_reg/_156_ (rising edge-triggered flip-flop clocked by clk)
Endpoint: id_ex_reg/_435_ (rising edge-triggered flip-flop clocked by clk)
Path Group: clk
Path Type: max

    Delay      Time   Description
-------------------------------------------------------------
   0.0000    0.0000   clock clk (rise edge)
   0.0000    0.0000   clock network delay (ideal)
   0.0000    0.0000 ^ ex_mem_reg/_156_/CLK (sky130_fd_sc_hd__dfrtp_1)
   1.1518    1.1518 v ex_mem_reg/_156_/Q (sky130_fd_sc_hd__dfrtp_1)
  28.3114   29.4632 ^ dmem/_13172_/Y (sky130_fd_sc_hd__nor3b_1)
   3.6476   33.1108 v dmem/_24734_/Y (sky130_fd_sc_hd__a222oi_1)
   0.9233   34.0342 ^ dmem/_24735_/Y (sky130_fd_sc_hd__a31oi_1)
   0.0728   34.1069 v dmem/_24736_/Y (sky130_fd_sc_hd__a21oi_1)
   0.3852   34.4921 v dmem/_24737_/X (sky130_fd_sc_hd__a31o_1)
   0.0929   34.5850 ^ dmem/_24778_/Y (sky130_fd_sc_hd__nand4_1)
   0.2281   34.8131 ^ dmem/_24861_/X (sky130_fd_sc_hd__mux4_2)
   0.1424   34.9555 ^ dmem/_24863_/X (sky130_fd_sc_hd__a221o_1)
   0.1281   35.0837 ^ _1151_/X (sky130_fd_sc_hd__a22o_1)
   0.0675   35.1512 v _1152_/Y (sky130_fd_sc_hd__a21oi_1)
   0.3753   35.5265 ^ _1154_/Y (sky130_fd_sc_hd__a21oi_1)
   0.1918   35.7182 ^ _1302_/X (sky130_fd_sc_hd__and2_0)
   0.0684   35.7867 v _1304_/Y (sky130_fd_sc_hd__nor2_1)
   0.1928   35.9794 ^ _1311_/Y (sky130_fd_sc_hd__a21oi_1)
   0.1591   36.1385 v _1321_/Y (sky130_fd_sc_hd__o21ai_0)
   0.4011   36.5396 v _1329_/X (sky130_fd_sc_hd__maj3_1)
   0.3904   36.9300 v _1337_/X (sky130_fd_sc_hd__maj3_1)
   0.3913   37.3213 v _1346_/X (sky130_fd_sc_hd__maj3_1)
   0.3904   37.7117 v _1354_/X (sky130_fd_sc_hd__maj3_1)
   0.3856   38.0973 v _1363_/X (sky130_fd_sc_hd__maj3_1)
   0.3889   38.4861 v _1370_/X (sky130_fd_sc_hd__maj3_1)
   0.3926   38.8788 v _1379_/X (sky130_fd_sc_hd__maj3_1)
   0.3904   39.2691 v _1387_/X (sky130_fd_sc_hd__maj3_1)
   0.3924   39.6615 v _1396_/X (sky130_fd_sc_hd__maj3_1)
   0.3904   40.0519 v _1404_/X (sky130_fd_sc_hd__maj3_1)
   0.3924   40.4444 v _1413_/X (sky130_fd_sc_hd__maj3_1)
   0.3904   40.8347 v _1421_/X (sky130_fd_sc_hd__maj3_1)
   0.3848   41.2195 v _1430_/X (sky130_fd_sc_hd__maj3_1)
   0.3888   41.6084 v _1437_/X (sky130_fd_sc_hd__maj3_1)
   0.3926   42.0010 v _1446_/X (sky130_fd_sc_hd__maj3_1)
   0.3904   42.3914 v _1454_/X (sky130_fd_sc_hd__maj3_1)
   0.3924   42.7837 v _1463_/X (sky130_fd_sc_hd__maj3_1)
   0.3905   43.1742 v _1471_/X (sky130_fd_sc_hd__maj3_1)
   0.3913   43.5655 v _1480_/X (sky130_fd_sc_hd__maj3_1)
   0.3892   43.9548 v _1488_/X (sky130_fd_sc_hd__maj3_1)
   0.3916   44.3464 v _1497_/X (sky130_fd_sc_hd__maj3_1)
   0.3919   44.7383 v _1505_/X (sky130_fd_sc_hd__maj3_1)
   0.3919   45.1303 v _1513_/X (sky130_fd_sc_hd__maj3_1)
   0.3919   45.5222 v _1521_/X (sky130_fd_sc_hd__maj3_1)
   0.3724   45.8946 v _1529_/X (sky130_fd_sc_hd__maj3_1)
   0.1263   46.0209 v _1531_/Y (sky130_fd_sc_hd__xnor2_1)
   1.3008   47.3217 ^ _1536_/Y (sky130_fd_sc_hd__o21ai_0)
   0.2602   47.5820 v bpu/_394_/Y (sky130_fd_sc_hd__a2bb2oi_1)
   0.1540   47.7360 ^ bpu/_397_/Y (sky130_fd_sc_hd__nor2_1)
   0.0640   47.8000 v bpu/_486_/Y (sky130_fd_sc_hd__nor4_1)
   1.8754   49.6754 ^ bpu/_487_/Y (sky130_fd_sc_hd__a31oi_1)
   0.1489   49.8244 v hazard_unit/_47_/Y (sky130_fd_sc_hd__a2111oi_0)
   0.2311   50.0555 v hazard_unit/_48_/X (sky130_fd_sc_hd__o21a_1)
   0.2160   50.2715 v hazard_unit/_49_/X (sky130_fd_sc_hd__lpflow_inputiso1p_1)
   0.0843   50.3557 ^ _1986_/Y (sky130_fd_sc_hd__nor2_1)
   0.1035   50.4592 v _1987_/Y (sky130_fd_sc_hd__nand2_1)
   6.8036   57.2628 ^ id_ex_reg/_212_/X (sky130_fd_sc_hd__lpflow_isobufsrc_1)
   0.7364   57.9992 ^ id_ex_reg/_228_/X (sky130_fd_sc_hd__a22o_1)
   0.0000   57.9992 ^ id_ex_reg/_435_/D (sky130_fd_sc_hd__dfrtp_1)
            57.9992   data arrival time

  10.0000   10.0000   clock clk (rise edge)
   0.0000   10.0000   clock network delay (ideal)
   0.0000   10.0000   clock reconvergence pessimism
            10.0000 ^ id_ex_reg/_435_/CLK (sky130_fd_sc_hd__dfrtp_1)
  -0.0922    9.9078   library setup time
             9.9078   data required time
-------------------------------------------------------------
             9.9078   data required time
           -57.9992   data arrival time
-------------------------------------------------------------
           -48.0914   slack (VIOLATED)


Startpoint: ex_mem_reg/_156_ (rising edge-triggered flip-flop clocked by clk)
Endpoint: id_ex_reg/_436_ (rising edge-triggered flip-flop clocked by clk)
Path Group: clk
Path Type: max

    Delay      Time   Description
-------------------------------------------------------------
   0.0000    0.0000   clock clk (rise edge)
   0.0000    0.0000   clock network delay (ideal)
   0.0000    0.0000 ^ ex_mem_reg/_156_/CLK (sky130_fd_sc_hd__dfrtp_1)
   1.1518    1.1518 v ex_mem_reg/_156_/Q (sky130_fd_sc_hd__dfrtp_1)
  28.3114   29.4632 ^ dmem/_13172_/Y (sky130_fd_sc_hd__nor3b_1)
   3.6476   33.1108 v dmem/_24734_/Y (sky130_fd_sc_hd__a222oi_1)
   0.9233   34.0342 ^ dmem/_24735_/Y (sky130_fd_sc_hd__a31oi_1)
   0.0728   34.1069 v dmem/_24736_/Y (sky130_fd_sc_hd__a21oi_1)
   0.3852   34.4921 v dmem/_24737_/X (sky130_fd_sc_hd__a31o_1)
   0.0929   34.5850 ^ dmem/_24778_/Y (sky130_fd_sc_hd__nand4_1)
   0.2281   34.8131 ^ dmem/_24861_/X (sky130_fd_sc_hd__mux4_2)
   0.1424   34.9555 ^ dmem/_24863_/X (sky130_fd_sc_hd__a221o_1)
   0.1281   35.0837 ^ _1151_/X (sky130_fd_sc_hd__a22o_1)
   0.0675   35.1512 v _1152_/Y (sky130_fd_sc_hd__a21oi_1)
   0.3753   35.5265 ^ _1154_/Y (sky130_fd_sc_hd__a21oi_1)
   0.1918   35.7182 ^ _1302_/X (sky130_fd_sc_hd__and2_0)
   0.0684   35.7867 v _1304_/Y (sky130_fd_sc_hd__nor2_1)
   0.1928   35.9794 ^ _1311_/Y (sky130_fd_sc_hd__a21oi_1)
   0.1591   36.1385 v _1321_/Y (sky130_fd_sc_hd__o21ai_0)
   0.4011   36.5396 v _1329_/X (sky130_fd_sc_hd__maj3_1)
   0.3904   36.9300 v _1337_/X (sky130_fd_sc_hd__maj3_1)
   0.3913   37.3213 v _1346_/X (sky130_fd_sc_hd__maj3_1)
   0.3904   37.7117 v _1354_/X (sky130_fd_sc_hd__maj3_1)
   0.3856   38.0973 v _1363_/X (sky130_fd_sc_hd__maj3_1)
   0.3889   38.4861 v _1370_/X (sky130_fd_sc_hd__maj3_1)
   0.3926   38.8788 v _1379_/X (sky130_fd_sc_hd__maj3_1)
   0.3904   39.2691 v _1387_/X (sky130_fd_sc_hd__maj3_1)
   0.3924   39.6615 v _1396_/X (sky130_fd_sc_hd__maj3_1)
   0.3904   40.0519 v _1404_/X (sky130_fd_sc_hd__maj3_1)
   0.3924   40.4444 v _1413_/X (sky130_fd_sc_hd__maj3_1)
   0.3904   40.8347 v _1421_/X (sky130_fd_sc_hd__maj3_1)
   0.3848   41.2195 v _1430_/X (sky130_fd_sc_hd__maj3_1)
   0.3888   41.6084 v _1437_/X (sky130_fd_sc_hd__maj3_1)
   0.3926   42.0010 v _1446_/X (sky130_fd_sc_hd__maj3_1)
   0.3904   42.3914 v _1454_/X (sky130_fd_sc_hd__maj3_1)
   0.3924   42.7837 v _1463_/X (sky130_fd_sc_hd__maj3_1)
   0.3905   43.1742 v _1471_/X (sky130_fd_sc_hd__maj3_1)
   0.3913   43.5655 v _1480_/X (sky130_fd_sc_hd__maj3_1)
   0.3892   43.9548 v _1488_/X (sky130_fd_sc_hd__maj3_1)
   0.3916   44.3464 v _1497_/X (sky130_fd_sc_hd__maj3_1)
   0.3919   44.7383 v _1505_/X (sky130_fd_sc_hd__maj3_1)
   0.3919   45.1303 v _1513_/X (sky130_fd_sc_hd__maj3_1)
   0.3919   45.5222 v _1521_/X (sky130_fd_sc_hd__maj3_1)
   0.3724   45.8946 v _1529_/X (sky130_fd_sc_hd__maj3_1)
   0.1263   46.0209 v _1531_/Y (sky130_fd_sc_hd__xnor2_1)
   1.3008   47.3217 ^ _1536_/Y (sky130_fd_sc_hd__o21ai_0)
   0.2602   47.5820 v bpu/_394_/Y (sky130_fd_sc_hd__a2bb2oi_1)
   0.1540   47.7360 ^ bpu/_397_/Y (sky130_fd_sc_hd__nor2_1)
   0.0640   47.8000 v bpu/_486_/Y (sky130_fd_sc_hd__nor4_1)
   1.8754   49.6754 ^ bpu/_487_/Y (sky130_fd_sc_hd__a31oi_1)
   0.1489   49.8244 v hazard_unit/_47_/Y (sky130_fd_sc_hd__a2111oi_0)
   0.2311   50.0555 v hazard_unit/_48_/X (sky130_fd_sc_hd__o21a_1)
   0.2160   50.2715 v hazard_unit/_49_/X (sky130_fd_sc_hd__lpflow_inputiso1p_1)
   0.0843   50.3557 ^ _1986_/Y (sky130_fd_sc_hd__nor2_1)
   0.1035   50.4592 v _1987_/Y (sky130_fd_sc_hd__nand2_1)
   6.8036   57.2628 ^ id_ex_reg/_212_/X (sky130_fd_sc_hd__lpflow_isobufsrc_1)
   0.7364   57.9992 ^ id_ex_reg/_229_/X (sky130_fd_sc_hd__a22o_1)
   0.0000   57.9992 ^ id_ex_reg/_436_/D (sky130_fd_sc_hd__dfrtp_1)
            57.9992   data arrival time

  10.0000   10.0000   clock clk (rise edge)
   0.0000   10.0000   clock network delay (ideal)
   0.0000   10.0000   clock reconvergence pessimism
            10.0000 ^ id_ex_reg/_436_/CLK (sky130_fd_sc_hd__dfrtp_1)
  -0.0922    9.9078   library setup time
             9.9078   data required time
-------------------------------------------------------------
             9.9078   data required time
           -57.9992   data arrival time
-------------------------------------------------------------
           -48.0914   slack (VIOLATED)


Startpoint: ex_mem_reg/_156_ (rising edge-triggered flip-flop clocked by clk)
Endpoint: id_ex_reg/_437_ (rising edge-triggered flip-flop clocked by clk)
Path Group: clk
Path Type: max

    Delay      Time   Description
-------------------------------------------------------------
   0.0000    0.0000   clock clk (rise edge)
   0.0000    0.0000   clock network delay (ideal)
   0.0000    0.0000 ^ ex_mem_reg/_156_/CLK (sky130_fd_sc_hd__dfrtp_1)
   1.1518    1.1518 v ex_mem_reg/_156_/Q (sky130_fd_sc_hd__dfrtp_1)
  28.3114   29.4632 ^ dmem/_13172_/Y (sky130_fd_sc_hd__nor3b_1)
   3.6476   33.1108 v dmem/_24734_/Y (sky130_fd_sc_hd__a222oi_1)
   0.9233   34.0342 ^ dmem/_24735_/Y (sky130_fd_sc_hd__a31oi_1)
   0.0728   34.1069 v dmem/_24736_/Y (sky130_fd_sc_hd__a21oi_1)
   0.3852   34.4921 v dmem/_24737_/X (sky130_fd_sc_hd__a31o_1)
   0.0929   34.5850 ^ dmem/_24778_/Y (sky130_fd_sc_hd__nand4_1)
   0.2281   34.8131 ^ dmem/_24861_/X (sky130_fd_sc_hd__mux4_2)
   0.1424   34.9555 ^ dmem/_24863_/X (sky130_fd_sc_hd__a221o_1)
   0.1281   35.0837 ^ _1151_/X (sky130_fd_sc_hd__a22o_1)
   0.0675   35.1512 v _1152_/Y (sky130_fd_sc_hd__a21oi_1)
   0.3753   35.5265 ^ _1154_/Y (sky130_fd_sc_hd__a21oi_1)
   0.1918   35.7182 ^ _1302_/X (sky130_fd_sc_hd__and2_0)
   0.0684   35.7867 v _1304_/Y (sky130_fd_sc_hd__nor2_1)
   0.1928   35.9794 ^ _1311_/Y (sky130_fd_sc_hd__a21oi_1)
   0.1591   36.1385 v _1321_/Y (sky130_fd_sc_hd__o21ai_0)
   0.4011   36.5396 v _1329_/X (sky130_fd_sc_hd__maj3_1)
   0.3904   36.9300 v _1337_/X (sky130_fd_sc_hd__maj3_1)
   0.3913   37.3213 v _1346_/X (sky130_fd_sc_hd__maj3_1)
   0.3904   37.7117 v _1354_/X (sky130_fd_sc_hd__maj3_1)
   0.3856   38.0973 v _1363_/X (sky130_fd_sc_hd__maj3_1)
   0.3889   38.4861 v _1370_/X (sky130_fd_sc_hd__maj3_1)
   0.3926   38.8788 v _1379_/X (sky130_fd_sc_hd__maj3_1)
   0.3904   39.2691 v _1387_/X (sky130_fd_sc_hd__maj3_1)
   0.3924   39.6615 v _1396_/X (sky130_fd_sc_hd__maj3_1)
   0.3904   40.0519 v _1404_/X (sky130_fd_sc_hd__maj3_1)
   0.3924   40.4444 v _1413_/X (sky130_fd_sc_hd__maj3_1)
   0.3904   40.8347 v _1421_/X (sky130_fd_sc_hd__maj3_1)
   0.3848   41.2195 v _1430_/X (sky130_fd_sc_hd__maj3_1)
   0.3888   41.6084 v _1437_/X (sky130_fd_sc_hd__maj3_1)
   0.3926   42.0010 v _1446_/X (sky130_fd_sc_hd__maj3_1)
   0.3904   42.3914 v _1454_/X (sky130_fd_sc_hd__maj3_1)
   0.3924   42.7837 v _1463_/X (sky130_fd_sc_hd__maj3_1)
   0.3905   43.1742 v _1471_/X (sky130_fd_sc_hd__maj3_1)
   0.3913   43.5655 v _1480_/X (sky130_fd_sc_hd__maj3_1)
   0.3892   43.9548 v _1488_/X (sky130_fd_sc_hd__maj3_1)
   0.3916   44.3464 v _1497_/X (sky130_fd_sc_hd__maj3_1)
   0.3919   44.7383 v _1505_/X (sky130_fd_sc_hd__maj3_1)
   0.3919   45.1303 v _1513_/X (sky130_fd_sc_hd__maj3_1)
   0.3919   45.5222 v _1521_/X (sky130_fd_sc_hd__maj3_1)
   0.3724   45.8946 v _1529_/X (sky130_fd_sc_hd__maj3_1)
   0.1263   46.0209 v _1531_/Y (sky130_fd_sc_hd__xnor2_1)
   1.3008   47.3217 ^ _1536_/Y (sky130_fd_sc_hd__o21ai_0)
   0.2602   47.5820 v bpu/_394_/Y (sky130_fd_sc_hd__a2bb2oi_1)
   0.1540   47.7360 ^ bpu/_397_/Y (sky130_fd_sc_hd__nor2_1)
   0.0640   47.8000 v bpu/_486_/Y (sky130_fd_sc_hd__nor4_1)
   1.8754   49.6754 ^ bpu/_487_/Y (sky130_fd_sc_hd__a31oi_1)
   0.1489   49.8244 v hazard_unit/_47_/Y (sky130_fd_sc_hd__a2111oi_0)
   0.2311   50.0555 v hazard_unit/_48_/X (sky130_fd_sc_hd__o21a_1)
   0.2160   50.2715 v hazard_unit/_49_/X (sky130_fd_sc_hd__lpflow_inputiso1p_1)
   0.0843   50.3557 ^ _1986_/Y (sky130_fd_sc_hd__nor2_1)
   0.1035   50.4592 v _1987_/Y (sky130_fd_sc_hd__nand2_1)
   6.8036   57.2628 ^ id_ex_reg/_212_/X (sky130_fd_sc_hd__lpflow_isobufsrc_1)
   0.7364   57.9992 ^ id_ex_reg/_230_/X (sky130_fd_sc_hd__a22o_1)
   0.0000   57.9992 ^ id_ex_reg/_437_/D (sky130_fd_sc_hd__dfrtp_1)
            57.9992   data arrival time

  10.0000   10.0000   clock clk (rise edge)
   0.0000   10.0000   clock network delay (ideal)
   0.0000   10.0000   clock reconvergence pessimism
            10.0000 ^ id_ex_reg/_437_/CLK (sky130_fd_sc_hd__dfrtp_1)
  -0.0922    9.9078   library setup time
             9.9078   data required time
-------------------------------------------------------------
             9.9078   data required time
           -57.9992   data arrival time
-------------------------------------------------------------
           -48.0914   slack (VIOLATED)


Startpoint: ex_mem_reg/_156_ (rising edge-triggered flip-flop clocked by clk)
Endpoint: id_ex_reg/_438_ (rising edge-triggered flip-flop clocked by clk)
Path Group: clk
Path Type: max

    Delay      Time   Description
-------------------------------------------------------------
   0.0000    0.0000   clock clk (rise edge)
   0.0000    0.0000   clock network delay (ideal)
   0.0000    0.0000 ^ ex_mem_reg/_156_/CLK (sky130_fd_sc_hd__dfrtp_1)
   1.1518    1.1518 v ex_mem_reg/_156_/Q (sky130_fd_sc_hd__dfrtp_1)
  28.3114   29.4632 ^ dmem/_13172_/Y (sky130_fd_sc_hd__nor3b_1)
   3.6476   33.1108 v dmem/_24734_/Y (sky130_fd_sc_hd__a222oi_1)
   0.9233   34.0342 ^ dmem/_24735_/Y (sky130_fd_sc_hd__a31oi_1)
   0.0728   34.1069 v dmem/_24736_/Y (sky130_fd_sc_hd__a21oi_1)
   0.3852   34.4921 v dmem/_24737_/X (sky130_fd_sc_hd__a31o_1)
   0.0929   34.5850 ^ dmem/_24778_/Y (sky130_fd_sc_hd__nand4_1)
   0.2281   34.8131 ^ dmem/_24861_/X (sky130_fd_sc_hd__mux4_2)
   0.1424   34.9555 ^ dmem/_24863_/X (sky130_fd_sc_hd__a221o_1)
   0.1281   35.0837 ^ _1151_/X (sky130_fd_sc_hd__a22o_1)
   0.0675   35.1512 v _1152_/Y (sky130_fd_sc_hd__a21oi_1)
   0.3753   35.5265 ^ _1154_/Y (sky130_fd_sc_hd__a21oi_1)
   0.1918   35.7182 ^ _1302_/X (sky130_fd_sc_hd__and2_0)
   0.0684   35.7867 v _1304_/Y (sky130_fd_sc_hd__nor2_1)
   0.1928   35.9794 ^ _1311_/Y (sky130_fd_sc_hd__a21oi_1)
   0.1591   36.1385 v _1321_/Y (sky130_fd_sc_hd__o21ai_0)
   0.4011   36.5396 v _1329_/X (sky130_fd_sc_hd__maj3_1)
   0.3904   36.9300 v _1337_/X (sky130_fd_sc_hd__maj3_1)
   0.3913   37.3213 v _1346_/X (sky130_fd_sc_hd__maj3_1)
   0.3904   37.7117 v _1354_/X (sky130_fd_sc_hd__maj3_1)
   0.3856   38.0973 v _1363_/X (sky130_fd_sc_hd__maj3_1)
   0.3889   38.4861 v _1370_/X (sky130_fd_sc_hd__maj3_1)
   0.3926   38.8788 v _1379_/X (sky130_fd_sc_hd__maj3_1)
   0.3904   39.2691 v _1387_/X (sky130_fd_sc_hd__maj3_1)
   0.3924   39.6615 v _1396_/X (sky130_fd_sc_hd__maj3_1)
   0.3904   40.0519 v _1404_/X (sky130_fd_sc_hd__maj3_1)
   0.3924   40.4444 v _1413_/X (sky130_fd_sc_hd__maj3_1)
   0.3904   40.8347 v _1421_/X (sky130_fd_sc_hd__maj3_1)
   0.3848   41.2195 v _1430_/X (sky130_fd_sc_hd__maj3_1)
   0.3888   41.6084 v _1437_/X (sky130_fd_sc_hd__maj3_1)
   0.3926   42.0010 v _1446_/X (sky130_fd_sc_hd__maj3_1)
   0.3904   42.3914 v _1454_/X (sky130_fd_sc_hd__maj3_1)
   0.3924   42.7837 v _1463_/X (sky130_fd_sc_hd__maj3_1)
   0.3905   43.1742 v _1471_/X (sky130_fd_sc_hd__maj3_1)
   0.3913   43.5655 v _1480_/X (sky130_fd_sc_hd__maj3_1)
   0.3892   43.9548 v _1488_/X (sky130_fd_sc_hd__maj3_1)
   0.3916   44.3464 v _1497_/X (sky130_fd_sc_hd__maj3_1)
   0.3919   44.7383 v _1505_/X (sky130_fd_sc_hd__maj3_1)
   0.3919   45.1303 v _1513_/X (sky130_fd_sc_hd__maj3_1)
   0.3919   45.5222 v _1521_/X (sky130_fd_sc_hd__maj3_1)
   0.3724   45.8946 v _1529_/X (sky130_fd_sc_hd__maj3_1)
   0.1263   46.0209 v _1531_/Y (sky130_fd_sc_hd__xnor2_1)
   1.3008   47.3217 ^ _1536_/Y (sky130_fd_sc_hd__o21ai_0)
   0.2602   47.5820 v bpu/_394_/Y (sky130_fd_sc_hd__a2bb2oi_1)
   0.1540   47.7360 ^ bpu/_397_/Y (sky130_fd_sc_hd__nor2_1)
   0.0640   47.8000 v bpu/_486_/Y (sky130_fd_sc_hd__nor4_1)
   1.8754   49.6754 ^ bpu/_487_/Y (sky130_fd_sc_hd__a31oi_1)
   0.1489   49.8244 v hazard_unit/_47_/Y (sky130_fd_sc_hd__a2111oi_0)
   0.2311   50.0555 v hazard_unit/_48_/X (sky130_fd_sc_hd__o21a_1)
   0.2160   50.2715 v hazard_unit/_49_/X (sky130_fd_sc_hd__lpflow_inputiso1p_1)
   0.0843   50.3557 ^ _1986_/Y (sky130_fd_sc_hd__nor2_1)
   0.1035   50.4592 v _1987_/Y (sky130_fd_sc_hd__nand2_1)
   6.8036   57.2628 ^ id_ex_reg/_212_/X (sky130_fd_sc_hd__lpflow_isobufsrc_1)
   0.7364   57.9992 ^ id_ex_reg/_231_/X (sky130_fd_sc_hd__a22o_1)
   0.0000   57.9992 ^ id_ex_reg/_438_/D (sky130_fd_sc_hd__dfrtp_1)
            57.9992   data arrival time

  10.0000   10.0000   clock clk (rise edge)
   0.0000   10.0000   clock network delay (ideal)
   0.0000   10.0000   clock reconvergence pessimism
            10.0000 ^ id_ex_reg/_438_/CLK (sky130_fd_sc_hd__dfrtp_1)
  -0.0922    9.9078   library setup time
             9.9078   data required time
-------------------------------------------------------------
             9.9078   data required time
           -57.9992   data arrival time
-------------------------------------------------------------
           -48.0914   slack (VIOLATED)


Startpoint: ex_mem_reg/_156_ (rising edge-triggered flip-flop clocked by clk)
Endpoint: id_ex_reg/_439_ (rising edge-triggered flip-flop clocked by clk)
Path Group: clk
Path Type: max

    Delay      Time   Description
-------------------------------------------------------------
   0.0000    0.0000   clock clk (rise edge)
   0.0000    0.0000   clock network delay (ideal)
   0.0000    0.0000 ^ ex_mem_reg/_156_/CLK (sky130_fd_sc_hd__dfrtp_1)
   1.1518    1.1518 v ex_mem_reg/_156_/Q (sky130_fd_sc_hd__dfrtp_1)
  28.3114   29.4632 ^ dmem/_13172_/Y (sky130_fd_sc_hd__nor3b_1)
   3.6476   33.1108 v dmem/_24734_/Y (sky130_fd_sc_hd__a222oi_1)
   0.9233   34.0342 ^ dmem/_24735_/Y (sky130_fd_sc_hd__a31oi_1)
   0.0728   34.1069 v dmem/_24736_/Y (sky130_fd_sc_hd__a21oi_1)
   0.3852   34.4921 v dmem/_24737_/X (sky130_fd_sc_hd__a31o_1)
   0.0929   34.5850 ^ dmem/_24778_/Y (sky130_fd_sc_hd__nand4_1)
   0.2281   34.8131 ^ dmem/_24861_/X (sky130_fd_sc_hd__mux4_2)
   0.1424   34.9555 ^ dmem/_24863_/X (sky130_fd_sc_hd__a221o_1)
   0.1281   35.0837 ^ _1151_/X (sky130_fd_sc_hd__a22o_1)
   0.0675   35.1512 v _1152_/Y (sky130_fd_sc_hd__a21oi_1)
   0.3753   35.5265 ^ _1154_/Y (sky130_fd_sc_hd__a21oi_1)
   0.1918   35.7182 ^ _1302_/X (sky130_fd_sc_hd__and2_0)
   0.0684   35.7867 v _1304_/Y (sky130_fd_sc_hd__nor2_1)
   0.1928   35.9794 ^ _1311_/Y (sky130_fd_sc_hd__a21oi_1)
   0.1591   36.1385 v _1321_/Y (sky130_fd_sc_hd__o21ai_0)
   0.4011   36.5396 v _1329_/X (sky130_fd_sc_hd__maj3_1)
   0.3904   36.9300 v _1337_/X (sky130_fd_sc_hd__maj3_1)
   0.3913   37.3213 v _1346_/X (sky130_fd_sc_hd__maj3_1)
   0.3904   37.7117 v _1354_/X (sky130_fd_sc_hd__maj3_1)
   0.3856   38.0973 v _1363_/X (sky130_fd_sc_hd__maj3_1)
   0.3889   38.4861 v _1370_/X (sky130_fd_sc_hd__maj3_1)
   0.3926   38.8788 v _1379_/X (sky130_fd_sc_hd__maj3_1)
   0.3904   39.2691 v _1387_/X (sky130_fd_sc_hd__maj3_1)
   0.3924   39.6615 v _1396_/X (sky130_fd_sc_hd__maj3_1)
   0.3904   40.0519 v _1404_/X (sky130_fd_sc_hd__maj3_1)
   0.3924   40.4444 v _1413_/X (sky130_fd_sc_hd__maj3_1)
   0.3904   40.8347 v _1421_/X (sky130_fd_sc_hd__maj3_1)
   0.3848   41.2195 v _1430_/X (sky130_fd_sc_hd__maj3_1)
   0.3888   41.6084 v _1437_/X (sky130_fd_sc_hd__maj3_1)
   0.3926   42.0010 v _1446_/X (sky130_fd_sc_hd__maj3_1)
   0.3904   42.3914 v _1454_/X (sky130_fd_sc_hd__maj3_1)
   0.3924   42.7837 v _1463_/X (sky130_fd_sc_hd__maj3_1)
   0.3905   43.1742 v _1471_/X (sky130_fd_sc_hd__maj3_1)
   0.3913   43.5655 v _1480_/X (sky130_fd_sc_hd__maj3_1)
   0.3892   43.9548 v _1488_/X (sky130_fd_sc_hd__maj3_1)
   0.3916   44.3464 v _1497_/X (sky130_fd_sc_hd__maj3_1)
   0.3919   44.7383 v _1505_/X (sky130_fd_sc_hd__maj3_1)
   0.3919   45.1303 v _1513_/X (sky130_fd_sc_hd__maj3_1)
   0.3919   45.5222 v _1521_/X (sky130_fd_sc_hd__maj3_1)
   0.3724   45.8946 v _1529_/X (sky130_fd_sc_hd__maj3_1)
   0.1263   46.0209 v _1531_/Y (sky130_fd_sc_hd__xnor2_1)
   1.3008   47.3217 ^ _1536_/Y (sky130_fd_sc_hd__o21ai_0)
   0.2602   47.5820 v bpu/_394_/Y (sky130_fd_sc_hd__a2bb2oi_1)
   0.1540   47.7360 ^ bpu/_397_/Y (sky130_fd_sc_hd__nor2_1)
   0.0640   47.8000 v bpu/_486_/Y (sky130_fd_sc_hd__nor4_1)
   1.8754   49.6754 ^ bpu/_487_/Y (sky130_fd_sc_hd__a31oi_1)
   0.1489   49.8244 v hazard_unit/_47_/Y (sky130_fd_sc_hd__a2111oi_0)
   0.2311   50.0555 v hazard_unit/_48_/X (sky130_fd_sc_hd__o21a_1)
   0.2160   50.2715 v hazard_unit/_49_/X (sky130_fd_sc_hd__lpflow_inputiso1p_1)
   0.0843   50.3557 ^ _1986_/Y (sky130_fd_sc_hd__nor2_1)
   0.1035   50.4592 v _1987_/Y (sky130_fd_sc_hd__nand2_1)
   6.8036   57.2628 ^ id_ex_reg/_212_/X (sky130_fd_sc_hd__lpflow_isobufsrc_1)
   0.7364   57.9992 ^ id_ex_reg/_232_/X (sky130_fd_sc_hd__a22o_1)
   0.0000   57.9992 ^ id_ex_reg/_439_/D (sky130_fd_sc_hd__dfrtp_1)
            57.9992   data arrival time

  10.0000   10.0000   clock clk (rise edge)
   0.0000   10.0000   clock network delay (ideal)
   0.0000   10.0000   clock reconvergence pessimism
            10.0000 ^ id_ex_reg/_439_/CLK (sky130_fd_sc_hd__dfrtp_1)
  -0.0922    9.9078   library setup time
             9.9078   data required time
-------------------------------------------------------------
             9.9078   data required time
           -57.9992   data arrival time
-------------------------------------------------------------
           -48.0914   slack (VIOLATED)


Startpoint: ex_mem_reg/_156_ (rising edge-triggered flip-flop clocked by clk)
Endpoint: id_ex_reg/_440_ (rising edge-triggered flip-flop clocked by clk)
Path Group: clk
Path Type: max

    Delay      Time   Description
-------------------------------------------------------------
   0.0000    0.0000   clock clk (rise edge)
   0.0000    0.0000   clock network delay (ideal)
   0.0000    0.0000 ^ ex_mem_reg/_156_/CLK (sky130_fd_sc_hd__dfrtp_1)
   1.1518    1.1518 v ex_mem_reg/_156_/Q (sky130_fd_sc_hd__dfrtp_1)
  28.3114   29.4632 ^ dmem/_13172_/Y (sky130_fd_sc_hd__nor3b_1)
   3.6476   33.1108 v dmem/_24734_/Y (sky130_fd_sc_hd__a222oi_1)
   0.9233   34.0342 ^ dmem/_24735_/Y (sky130_fd_sc_hd__a31oi_1)
   0.0728   34.1069 v dmem/_24736_/Y (sky130_fd_sc_hd__a21oi_1)
   0.3852   34.4921 v dmem/_24737_/X (sky130_fd_sc_hd__a31o_1)
   0.0929   34.5850 ^ dmem/_24778_/Y (sky130_fd_sc_hd__nand4_1)
   0.2281   34.8131 ^ dmem/_24861_/X (sky130_fd_sc_hd__mux4_2)
   0.1424   34.9555 ^ dmem/_24863_/X (sky130_fd_sc_hd__a221o_1)
   0.1281   35.0837 ^ _1151_/X (sky130_fd_sc_hd__a22o_1)
   0.0675   35.1512 v _1152_/Y (sky130_fd_sc_hd__a21oi_1)
   0.3753   35.5265 ^ _1154_/Y (sky130_fd_sc_hd__a21oi_1)
   0.1918   35.7182 ^ _1302_/X (sky130_fd_sc_hd__and2_0)
   0.0684   35.7867 v _1304_/Y (sky130_fd_sc_hd__nor2_1)
   0.1928   35.9794 ^ _1311_/Y (sky130_fd_sc_hd__a21oi_1)
   0.1591   36.1385 v _1321_/Y (sky130_fd_sc_hd__o21ai_0)
   0.4011   36.5396 v _1329_/X (sky130_fd_sc_hd__maj3_1)
   0.3904   36.9300 v _1337_/X (sky130_fd_sc_hd__maj3_1)
   0.3913   37.3213 v _1346_/X (sky130_fd_sc_hd__maj3_1)
   0.3904   37.7117 v _1354_/X (sky130_fd_sc_hd__maj3_1)
   0.3856   38.0973 v _1363_/X (sky130_fd_sc_hd__maj3_1)
   0.3889   38.4861 v _1370_/X (sky130_fd_sc_hd__maj3_1)
   0.3926   38.8788 v _1379_/X (sky130_fd_sc_hd__maj3_1)
   0.3904   39.2691 v _1387_/X (sky130_fd_sc_hd__maj3_1)
   0.3924   39.6615 v _1396_/X (sky130_fd_sc_hd__maj3_1)
   0.3904   40.0519 v _1404_/X (sky130_fd_sc_hd__maj3_1)
   0.3924   40.4444 v _1413_/X (sky130_fd_sc_hd__maj3_1)
   0.3904   40.8347 v _1421_/X (sky130_fd_sc_hd__maj3_1)
   0.3848   41.2195 v _1430_/X (sky130_fd_sc_hd__maj3_1)
   0.3888   41.6084 v _1437_/X (sky130_fd_sc_hd__maj3_1)
   0.3926   42.0010 v _1446_/X (sky130_fd_sc_hd__maj3_1)
   0.3904   42.3914 v _1454_/X (sky130_fd_sc_hd__maj3_1)
   0.3924   42.7837 v _1463_/X (sky130_fd_sc_hd__maj3_1)
   0.3905   43.1742 v _1471_/X (sky130_fd_sc_hd__maj3_1)
   0.3913   43.5655 v _1480_/X (sky130_fd_sc_hd__maj3_1)
   0.3892   43.9548 v _1488_/X (sky130_fd_sc_hd__maj3_1)
   0.3916   44.3464 v _1497_/X (sky130_fd_sc_hd__maj3_1)
   0.3919   44.7383 v _1505_/X (sky130_fd_sc_hd__maj3_1)
   0.3919   45.1303 v _1513_/X (sky130_fd_sc_hd__maj3_1)
   0.3919   45.5222 v _1521_/X (sky130_fd_sc_hd__maj3_1)
   0.3724   45.8946 v _1529_/X (sky130_fd_sc_hd__maj3_1)
   0.1263   46.0209 v _1531_/Y (sky130_fd_sc_hd__xnor2_1)
   1.3008   47.3217 ^ _1536_/Y (sky130_fd_sc_hd__o21ai_0)
   0.2602   47.5820 v bpu/_394_/Y (sky130_fd_sc_hd__a2bb2oi_1)
   0.1540   47.7360 ^ bpu/_397_/Y (sky130_fd_sc_hd__nor2_1)
   0.0640   47.8000 v bpu/_486_/Y (sky130_fd_sc_hd__nor4_1)
   1.8754   49.6754 ^ bpu/_487_/Y (sky130_fd_sc_hd__a31oi_1)
   0.1489   49.8244 v hazard_unit/_47_/Y (sky130_fd_sc_hd__a2111oi_0)
   0.2311   50.0555 v hazard_unit/_48_/X (sky130_fd_sc_hd__o21a_1)
   0.2160   50.2715 v hazard_unit/_49_/X (sky130_fd_sc_hd__lpflow_inputiso1p_1)
   0.0843   50.3557 ^ _1986_/Y (sky130_fd_sc_hd__nor2_1)
   0.1035   50.4592 v _1987_/Y (sky130_fd_sc_hd__nand2_1)
   6.8036   57.2628 ^ id_ex_reg/_212_/X (sky130_fd_sc_hd__lpflow_isobufsrc_1)
   0.7364   57.9992 ^ id_ex_reg/_233_/X (sky130_fd_sc_hd__a22o_1)
   0.0000   57.9992 ^ id_ex_reg/_440_/D (sky130_fd_sc_hd__dfrtp_1)
            57.9992   data arrival time

  10.0000   10.0000   clock clk (rise edge)
   0.0000   10.0000   clock network delay (ideal)
   0.0000   10.0000   clock reconvergence pessimism
            10.0000 ^ id_ex_reg/_440_/CLK (sky130_fd_sc_hd__dfrtp_1)
  -0.0922    9.9078   library setup time
             9.9078   data required time
-------------------------------------------------------------
             9.9078   data required time
           -57.9992   data arrival time
-------------------------------------------------------------
           -48.0914   slack (VIOLATED)


Startpoint: ex_mem_reg/_156_ (rising edge-triggered flip-flop clocked by clk)
Endpoint: id_ex_reg/_441_ (rising edge-triggered flip-flop clocked by clk)
Path Group: clk
Path Type: max

    Delay      Time   Description
-------------------------------------------------------------
   0.0000    0.0000   clock clk (rise edge)
   0.0000    0.0000   clock network delay (ideal)
   0.0000    0.0000 ^ ex_mem_reg/_156_/CLK (sky130_fd_sc_hd__dfrtp_1)
   1.1518    1.1518 v ex_mem_reg/_156_/Q (sky130_fd_sc_hd__dfrtp_1)
  28.3114   29.4632 ^ dmem/_13172_/Y (sky130_fd_sc_hd__nor3b_1)
   3.6476   33.1108 v dmem/_24734_/Y (sky130_fd_sc_hd__a222oi_1)
   0.9233   34.0342 ^ dmem/_24735_/Y (sky130_fd_sc_hd__a31oi_1)
   0.0728   34.1069 v dmem/_24736_/Y (sky130_fd_sc_hd__a21oi_1)
   0.3852   34.4921 v dmem/_24737_/X (sky130_fd_sc_hd__a31o_1)
   0.0929   34.5850 ^ dmem/_24778_/Y (sky130_fd_sc_hd__nand4_1)
   0.2281   34.8131 ^ dmem/_24861_/X (sky130_fd_sc_hd__mux4_2)
   0.1424   34.9555 ^ dmem/_24863_/X (sky130_fd_sc_hd__a221o_1)
   0.1281   35.0837 ^ _1151_/X (sky130_fd_sc_hd__a22o_1)
   0.0675   35.1512 v _1152_/Y (sky130_fd_sc_hd__a21oi_1)
   0.3753   35.5265 ^ _1154_/Y (sky130_fd_sc_hd__a21oi_1)
   0.1918   35.7182 ^ _1302_/X (sky130_fd_sc_hd__and2_0)
   0.0684   35.7867 v _1304_/Y (sky130_fd_sc_hd__nor2_1)
   0.1928   35.9794 ^ _1311_/Y (sky130_fd_sc_hd__a21oi_1)
   0.1591   36.1385 v _1321_/Y (sky130_fd_sc_hd__o21ai_0)
   0.4011   36.5396 v _1329_/X (sky130_fd_sc_hd__maj3_1)
   0.3904   36.9300 v _1337_/X (sky130_fd_sc_hd__maj3_1)
   0.3913   37.3213 v _1346_/X (sky130_fd_sc_hd__maj3_1)
   0.3904   37.7117 v _1354_/X (sky130_fd_sc_hd__maj3_1)
   0.3856   38.0973 v _1363_/X (sky130_fd_sc_hd__maj3_1)
   0.3889   38.4861 v _1370_/X (sky130_fd_sc_hd__maj3_1)
   0.3926   38.8788 v _1379_/X (sky130_fd_sc_hd__maj3_1)
   0.3904   39.2691 v _1387_/X (sky130_fd_sc_hd__maj3_1)
   0.3924   39.6615 v _1396_/X (sky130_fd_sc_hd__maj3_1)
   0.3904   40.0519 v _1404_/X (sky130_fd_sc_hd__maj3_1)
   0.3924   40.4444 v _1413_/X (sky130_fd_sc_hd__maj3_1)
   0.3904   40.8347 v _1421_/X (sky130_fd_sc_hd__maj3_1)
   0.3848   41.2195 v _1430_/X (sky130_fd_sc_hd__maj3_1)
   0.3888   41.6084 v _1437_/X (sky130_fd_sc_hd__maj3_1)
   0.3926   42.0010 v _1446_/X (sky130_fd_sc_hd__maj3_1)
   0.3904   42.3914 v _1454_/X (sky130_fd_sc_hd__maj3_1)
   0.3924   42.7837 v _1463_/X (sky130_fd_sc_hd__maj3_1)
   0.3905   43.1742 v _1471_/X (sky130_fd_sc_hd__maj3_1)
   0.3913   43.5655 v _1480_/X (sky130_fd_sc_hd__maj3_1)
   0.3892   43.9548 v _1488_/X (sky130_fd_sc_hd__maj3_1)
   0.3916   44.3464 v _1497_/X (sky130_fd_sc_hd__maj3_1)
   0.3919   44.7383 v _1505_/X (sky130_fd_sc_hd__maj3_1)
   0.3919   45.1303 v _1513_/X (sky130_fd_sc_hd__maj3_1)
   0.3919   45.5222 v _1521_/X (sky130_fd_sc_hd__maj3_1)
   0.3724   45.8946 v _1529_/X (sky130_fd_sc_hd__maj3_1)
   0.1263   46.0209 v _1531_/Y (sky130_fd_sc_hd__xnor2_1)
   1.3008   47.3217 ^ _1536_/Y (sky130_fd_sc_hd__o21ai_0)
   0.2602   47.5820 v bpu/_394_/Y (sky130_fd_sc_hd__a2bb2oi_1)
   0.1540   47.7360 ^ bpu/_397_/Y (sky130_fd_sc_hd__nor2_1)
   0.0640   47.8000 v bpu/_486_/Y (sky130_fd_sc_hd__nor4_1)
   1.8754   49.6754 ^ bpu/_487_/Y (sky130_fd_sc_hd__a31oi_1)
   0.1489   49.8244 v hazard_unit/_47_/Y (sky130_fd_sc_hd__a2111oi_0)
   0.2311   50.0555 v hazard_unit/_48_/X (sky130_fd_sc_hd__o21a_1)
   0.2160   50.2715 v hazard_unit/_49_/X (sky130_fd_sc_hd__lpflow_inputiso1p_1)
   0.0843   50.3557 ^ _1986_/Y (sky130_fd_sc_hd__nor2_1)
   0.1035   50.4592 v _1987_/Y (sky130_fd_sc_hd__nand2_1)
   6.8036   57.2628 ^ id_ex_reg/_212_/X (sky130_fd_sc_hd__lpflow_isobufsrc_1)
   0.7364   57.9992 ^ id_ex_reg/_234_/X (sky130_fd_sc_hd__a22o_1)
   0.0000   57.9992 ^ id_ex_reg/_441_/D (sky130_fd_sc_hd__dfrtp_1)
            57.9992   data arrival time

  10.0000   10.0000   clock clk (rise edge)
   0.0000   10.0000   clock network delay (ideal)
   0.0000   10.0000   clock reconvergence pessimism
            10.0000 ^ id_ex_reg/_441_/CLK (sky130_fd_sc_hd__dfrtp_1)
  -0.0922    9.9078   library setup time
             9.9078   data required time
-------------------------------------------------------------
             9.9078   data required time
           -57.9992   data arrival time
-------------------------------------------------------------
           -48.0914   slack (VIOLATED)


Startpoint: ex_mem_reg/_156_ (rising edge-triggered flip-flop clocked by clk)
Endpoint: id_ex_reg/_442_ (rising edge-triggered flip-flop clocked by clk)
Path Group: clk
Path Type: max

    Delay      Time   Description
-------------------------------------------------------------
   0.0000    0.0000   clock clk (rise edge)
   0.0000    0.0000   clock network delay (ideal)
   0.0000    0.0000 ^ ex_mem_reg/_156_/CLK (sky130_fd_sc_hd__dfrtp_1)
   1.1518    1.1518 v ex_mem_reg/_156_/Q (sky130_fd_sc_hd__dfrtp_1)
  28.3114   29.4632 ^ dmem/_13172_/Y (sky130_fd_sc_hd__nor3b_1)
   3.6476   33.1108 v dmem/_24734_/Y (sky130_fd_sc_hd__a222oi_1)
   0.9233   34.0342 ^ dmem/_24735_/Y (sky130_fd_sc_hd__a31oi_1)
   0.0728   34.1069 v dmem/_24736_/Y (sky130_fd_sc_hd__a21oi_1)
   0.3852   34.4921 v dmem/_24737_/X (sky130_fd_sc_hd__a31o_1)
   0.0929   34.5850 ^ dmem/_24778_/Y (sky130_fd_sc_hd__nand4_1)
   0.2281   34.8131 ^ dmem/_24861_/X (sky130_fd_sc_hd__mux4_2)
   0.1424   34.9555 ^ dmem/_24863_/X (sky130_fd_sc_hd__a221o_1)
   0.1281   35.0837 ^ _1151_/X (sky130_fd_sc_hd__a22o_1)
   0.0675   35.1512 v _1152_/Y (sky130_fd_sc_hd__a21oi_1)
   0.3753   35.5265 ^ _1154_/Y (sky130_fd_sc_hd__a21oi_1)
   0.1918   35.7182 ^ _1302_/X (sky130_fd_sc_hd__and2_0)
   0.0684   35.7867 v _1304_/Y (sky130_fd_sc_hd__nor2_1)
   0.1928   35.9794 ^ _1311_/Y (sky130_fd_sc_hd__a21oi_1)
   0.1591   36.1385 v _1321_/Y (sky130_fd_sc_hd__o21ai_0)
   0.4011   36.5396 v _1329_/X (sky130_fd_sc_hd__maj3_1)
   0.3904   36.9300 v _1337_/X (sky130_fd_sc_hd__maj3_1)
   0.3913   37.3213 v _1346_/X (sky130_fd_sc_hd__maj3_1)
   0.3904   37.7117 v _1354_/X (sky130_fd_sc_hd__maj3_1)
   0.3856   38.0973 v _1363_/X (sky130_fd_sc_hd__maj3_1)
   0.3889   38.4861 v _1370_/X (sky130_fd_sc_hd__maj3_1)
   0.3926   38.8788 v _1379_/X (sky130_fd_sc_hd__maj3_1)
   0.3904   39.2691 v _1387_/X (sky130_fd_sc_hd__maj3_1)
   0.3924   39.6615 v _1396_/X (sky130_fd_sc_hd__maj3_1)
   0.3904   40.0519 v _1404_/X (sky130_fd_sc_hd__maj3_1)
   0.3924   40.4444 v _1413_/X (sky130_fd_sc_hd__maj3_1)
   0.3904   40.8347 v _1421_/X (sky130_fd_sc_hd__maj3_1)
   0.3848   41.2195 v _1430_/X (sky130_fd_sc_hd__maj3_1)
   0.3888   41.6084 v _1437_/X (sky130_fd_sc_hd__maj3_1)
   0.3926   42.0010 v _1446_/X (sky130_fd_sc_hd__maj3_1)
   0.3904   42.3914 v _1454_/X (sky130_fd_sc_hd__maj3_1)
   0.3924   42.7837 v _1463_/X (sky130_fd_sc_hd__maj3_1)
   0.3905   43.1742 v _1471_/X (sky130_fd_sc_hd__maj3_1)
   0.3913   43.5655 v _1480_/X (sky130_fd_sc_hd__maj3_1)
   0.3892   43.9548 v _1488_/X (sky130_fd_sc_hd__maj3_1)
   0.3916   44.3464 v _1497_/X (sky130_fd_sc_hd__maj3_1)
   0.3919   44.7383 v _1505_/X (sky130_fd_sc_hd__maj3_1)
   0.3919   45.1303 v _1513_/X (sky130_fd_sc_hd__maj3_1)
   0.3919   45.5222 v _1521_/X (sky130_fd_sc_hd__maj3_1)
   0.3724   45.8946 v _1529_/X (sky130_fd_sc_hd__maj3_1)
   0.1263   46.0209 v _1531_/Y (sky130_fd_sc_hd__xnor2_1)
   1.3008   47.3217 ^ _1536_/Y (sky130_fd_sc_hd__o21ai_0)
   0.2602   47.5820 v bpu/_394_/Y (sky130_fd_sc_hd__a2bb2oi_1)
   0.1540   47.7360 ^ bpu/_397_/Y (sky130_fd_sc_hd__nor2_1)
   0.0640   47.8000 v bpu/_486_/Y (sky130_fd_sc_hd__nor4_1)
   1.8754   49.6754 ^ bpu/_487_/Y (sky130_fd_sc_hd__a31oi_1)
   0.1489   49.8244 v hazard_unit/_47_/Y (sky130_fd_sc_hd__a2111oi_0)
   0.2311   50.0555 v hazard_unit/_48_/X (sky130_fd_sc_hd__o21a_1)
   0.2160   50.2715 v hazard_unit/_49_/X (sky130_fd_sc_hd__lpflow_inputiso1p_1)
   0.0843   50.3557 ^ _1986_/Y (sky130_fd_sc_hd__nor2_1)
   0.1035   50.4592 v _1987_/Y (sky130_fd_sc_hd__nand2_1)
   6.8036   57.2628 ^ id_ex_reg/_212_/X (sky130_fd_sc_hd__lpflow_isobufsrc_1)
   0.7364   57.9992 ^ id_ex_reg/_235_/X (sky130_fd_sc_hd__a22o_1)
   0.0000   57.9992 ^ id_ex_reg/_442_/D (sky130_fd_sc_hd__dfrtp_1)
            57.9992   data arrival time

  10.0000   10.0000   clock clk (rise edge)
   0.0000   10.0000   clock network delay (ideal)
   0.0000   10.0000   clock reconvergence pessimism
            10.0000 ^ id_ex_reg/_442_/CLK (sky130_fd_sc_hd__dfrtp_1)
  -0.0922    9.9078   library setup time
             9.9078   data required time
-------------------------------------------------------------
             9.9078   data required time
           -57.9992   data arrival time
-------------------------------------------------------------
           -48.0914   slack (VIOLATED)


