#! /usr/bin/vvp
:ivl_version "12.0 (stable)";
:ivl_delay_selection "TYPICAL";
:vpi_time_precision + 0;
:vpi_module "/usr/lib/x86_64-linux-gnu/ivl/system.vpi";
:vpi_module "/usr/lib/x86_64-linux-gnu/ivl/vhdl_sys.vpi";
:vpi_module "/usr/lib/x86_64-linux-gnu/ivl/vhdl_textio.vpi";
:vpi_module "/usr/lib/x86_64-linux-gnu/ivl/v2005_math.vpi";
:vpi_module "/usr/lib/x86_64-linux-gnu/ivl/va_math.vpi";
S_0x5f8ed210a510 .scope module, "imm_extend" "imm_extend" 2 1;
 .timescale 0 0;
    .port_info 0 /INPUT 32 "instr";
    .port_info 1 /INPUT 3 "imm_sel";
    .port_info 2 /OUTPUT 32 "imm_ext";
v0x5f8ed210c400_0 .var "imm_ext", 31 0;
o0x745195ee9048 .functor BUFZ 3, C4<zzz>; HiZ drive
v0x5f8ed2155ec0_0 .net "imm_sel", 2 0, o0x745195ee9048;  0 drivers
o0x745195ee9078 .functor BUFZ 32, C4<zzzzzzzzzzzzzzzzzzzzzzzzzzzzzzzz>; HiZ drive
v0x5f8ed2155fa0_0 .net "instr", 31 0, o0x745195ee9078;  0 drivers
E_0x5f8ed210aa50 .event anyedge, v0x5f8ed2155ec0_0, v0x5f8ed2155fa0_0;
    .scope S_0x5f8ed210a510;
T_0 ;
    %wait E_0x5f8ed210aa50;
    %load/vec4 v0x5f8ed2155ec0_0;
    %dup/vec4;
    %pushi/vec4 0, 0, 3;
    %cmp/u;
    %jmp/1 T_0.0, 6;
    %dup/vec4;
    %pushi/vec4 1, 0, 3;
    %cmp/u;
    %jmp/1 T_0.1, 6;
    %dup/vec4;
    %pushi/vec4 2, 0, 3;
    %cmp/u;
    %jmp/1 T_0.2, 6;
    %dup/vec4;
    %pushi/vec4 3, 0, 3;
    %cmp/u;
    %jmp/1 T_0.3, 6;
    %dup/vec4;
    %pushi/vec4 4, 0, 3;
    %cmp/u;
    %jmp/1 T_0.4, 6;
    %pushi/vec4 0, 0, 32;
    %store/vec4 v0x5f8ed210c400_0, 0, 32;
    %jmp T_0.6;
T_0.0 ;
    %load/vec4 v0x5f8ed2155fa0_0;
    %parti/s 1, 31, 6;
    %replicate 20;
    %load/vec4 v0x5f8ed2155fa0_0;
    %parti/s 12, 20, 6;
    %concat/vec4; draw_concat_vec4
    %store/vec4 v0x5f8ed210c400_0, 0, 32;
    %jmp T_0.6;
T_0.1 ;
    %load/vec4 v0x5f8ed2155fa0_0;
    %parti/s 1, 31, 6;
    %replicate 20;
    %load/vec4 v0x5f8ed2155fa0_0;
    %parti/s 7, 25, 6;
    %concat/vec4; draw_concat_vec4
    %load/vec4 v0x5f8ed2155fa0_0;
    %parti/s 5, 7, 4;
    %concat/vec4; draw_concat_vec4
    %store/vec4 v0x5f8ed210c400_0, 0, 32;
    %jmp T_0.6;
T_0.2 ;
    %load/vec4 v0x5f8ed2155fa0_0;
    %parti/s 1, 31, 6;
    %replicate 20;
    %load/vec4 v0x5f8ed2155fa0_0;
    %parti/s 1, 7, 4;
    %concat/vec4; draw_concat_vec4
    %load/vec4 v0x5f8ed2155fa0_0;
    %parti/s 6, 25, 6;
    %concat/vec4; draw_concat_vec4
    %load/vec4 v0x5f8ed2155fa0_0;
    %parti/s 4, 8, 5;
    %concat/vec4; draw_concat_vec4
    %concati/vec4 0, 0, 1;
    %store/vec4 v0x5f8ed210c400_0, 0, 32;
    %jmp T_0.6;
T_0.3 ;
    %load/vec4 v0x5f8ed2155fa0_0;
    %parti/s 20, 12, 5;
    %concati/vec4 0, 0, 12;
    %store/vec4 v0x5f8ed210c400_0, 0, 32;
    %jmp T_0.6;
T_0.4 ;
    %load/vec4 v0x5f8ed2155fa0_0;
    %parti/s 1, 31, 6;
    %replicate 12;
    %load/vec4 v0x5f8ed2155fa0_0;
    %parti/s 8, 12, 5;
    %concat/vec4; draw_concat_vec4
    %load/vec4 v0x5f8ed2155fa0_0;
    %parti/s 1, 20, 6;
    %concat/vec4; draw_concat_vec4
    %load/vec4 v0x5f8ed2155fa0_0;
    %parti/s 10, 21, 6;
    %concat/vec4; draw_concat_vec4
    %concati/vec4 0, 0, 1;
    %store/vec4 v0x5f8ed210c400_0, 0, 32;
    %jmp T_0.6;
T_0.6 ;
    %pop/vec4 1;
    %jmp T_0;
    .thread T_0, $push;
# The file index is used to find the file name in the following table.
:file_names 3;
    "N/A";
    "<interactive>";
    "/home/thinkbook/RTL_Do_An_1/src/imm_extend.v";
